This file contains any messages produced by compilers while
running configure, to aid debugging if configure makes a mistake.

It was created by GNU Backgammon configure 1.00.0, which was
generated by GNU Autoconf 2.71.  Invocation command line was

  $ ./configure --without-python

## --------- ##
## Platform. ##
## --------- ##

hostname = devin-box
uname -m = x86_64
uname -r = 5.10.223
uname -s = Linux
uname -v = #11 SMP Wed Dec 11 10:33:41 UTC 2024

/usr/bin/uname -p = x86_64
/bin/uname -X     = unknown

/bin/arch              = x86_64
/usr/bin/arch -k       = unknown
/usr/convex/getsysinfo = unknown
/usr/bin/hostinfo      = unknown
/bin/machine           = unknown
/usr/bin/oslevel       = unknown
/bin/universe          = unknown

PATH: /opt/.devin/package/custom_binaries/
PATH: /home/ubuntu/.pyenv/shims/
PATH: /home/linuxbrew/.linuxbrew/bin/
PATH: /home/linuxbrew/.linuxbrew/sbin/
PATH: /home/ubuntu/.local/bin/
PATH: /home/ubuntu/.pyenv/bin/
PATH: /home/linuxbrew/.linuxbrew/bin/
PATH: /home/linuxbrew/.linuxbrew/sbin/
PATH: /home/ubuntu/.nvm/versions/node/v22.12.0/bin/
PATH: /home/ubuntu/.cargo/bin/
PATH: /usr/local/sbin/
PATH: /usr/local/bin/
PATH: /usr/sbin/
PATH: /usr/bin/
PATH: /sbin/
PATH: /bin/
PATH: /home/ubuntu/.local/share/coursier/bin/


## ----------- ##
## Core tests. ##
## ----------- ##

configure:2744: looking for aux files: ltmain.sh compile missing install-sh config.guess config.sub
configure:2757:  trying ./
configure:2786:   ./ltmain.sh found
configure:2786:   ./compile found
configure:2786:   ./missing found
configure:2768:   ./install-sh found
configure:2786:   ./config.guess found
configure:2786:   ./config.sub found
configure:2904: checking build system type
configure:2919: result: x86_64-pc-linux-gnu
configure:2939: checking host system type
configure:2953: result: x86_64-pc-linux-gnu
configure:2991: checking for a BSD-compatible install
configure:3064: result: /usr/bin/install -c
configure:3075: checking whether build environment is sane
configure:3130: result: yes
configure:3289: checking for a race-free mkdir -p
configure:3333: result: /usr/bin/mkdir -p
configure:3340: checking for gawk
configure:3375: result: no
configure:3340: checking for mawk
configure:3361: found /usr/bin/mawk
configure:3372: result: mawk
configure:3383: checking whether make sets $(MAKE)
configure:3406: result: yes
configure:3436: checking whether make supports nested variables
configure:3454: result: yes
configure:3601: checking for host
configure:3625: result: x86_64-pc-linux-gnu
configure:3747: checking whether make supports the include directive
configure:3762: make -f confmf.GNU && cat confinc.out
this is the am__doit target
configure:3765: $? = 0
configure:3784: result: yes (GNU style)
configure:3860: checking for gcc
configure:3881: found /usr/bin/gcc
configure:3892: result: gcc
configure:4245: checking for C compiler version
configure:4254: gcc --version >&5
gcc (Ubuntu 11.4.0-1ubuntu1~22.04) 11.4.0
Copyright (C) 2021 Free Software Foundation, Inc.
This is free software; see the source for copying conditions.  There is NO
warranty; not even for MERCHANTABILITY or FITNESS FOR A PARTICULAR PURPOSE.

configure:4265: $? = 0
configure:4254: gcc -v >&5
Using built-in specs.
COLLECT_GCC=gcc
COLLECT_LTO_WRAPPER=/usr/lib/gcc/x86_64-linux-gnu/11/lto-wrapper
OFFLOAD_TARGET_NAMES=nvptx-none:amdgcn-amdhsa
OFFLOAD_TARGET_DEFAULT=1
Target: x86_64-linux-gnu
Configured with: ../src/configure -v --with-pkgversion='Ubuntu 11.4.0-1ubuntu1~22.04' --with-bugurl=file:///usr/share/doc/gcc-11/README.Bugs --enable-languages=c,ada,c++,go,brig,d,fortran,objc,obj-c++,m2 --prefix=/usr --with-gcc-major-version-only --program-suffix=-11 --program-prefix=x86_64-linux-gnu- --enable-shared --enable-linker-build-id --libexecdir=/usr/lib --without-included-gettext --enable-threads=posix --libdir=/usr/lib --enable-nls --enable-bootstrap --enable-clocale=gnu --enable-libstdcxx-debug --enable-libstdcxx-time=yes --with-default-libstdcxx-abi=new --enable-gnu-unique-object --disable-vtable-verify --enable-plugin --enable-default-pie --with-system-zlib --enable-libphobos-checking=release --with-target-system-zlib=auto --enable-objc-gc=auto --enable-multiarch --disable-werror --enable-cet --with-arch-32=i686 --with-abi=m64 --with-multilib-list=m32,m64,mx32 --enable-multilib --with-tune=generic --enable-offload-targets=nvptx-none=/build/gcc-11-XeT9lY/gcc-11-11.4.0/debian/tmp-nvptx/usr,amdgcn-amdhsa=/build/gcc-11-XeT9lY/gcc-11-11.4.0/debian/tmp-gcn/usr --without-cuda-driver --enable-checking=release --build=x86_64-linux-gnu --host=x86_64-linux-gnu --target=x86_64-linux-gnu --with-build-config=bootstrap-lto-lean --enable-link-serialization=2
Thread model: posix
Supported LTO compression algorithms: zlib zstd
gcc version 11.4.0 (Ubuntu 11.4.0-1ubuntu1~22.04) 
... rest of stderr output deleted ...
configure:4265: $? = 0
configure:4254: gcc -V >&5
gcc: error: unrecognized command-line option '-V'
gcc: fatal error: no input files
compilation terminated.
configure:4265: $? = 1
configure:4254: gcc -qversion >&5
gcc: error: unrecognized command-line option '-qversion'; did you mean '--version'?
gcc: fatal error: no input files
compilation terminated.
configure:4265: $? = 1
configure:4254: gcc -version >&5
gcc: error: unrecognized command-line option '-version'
gcc: fatal error: no input files
compilation terminated.
configure:4265: $? = 1
configure:4285: checking whether the C compiler works
configure:4307: gcc    conftest.c  >&5
configure:4311: $? = 0
configure:4361: result: yes
configure:4364: checking for C compiler default output file name
configure:4366: result: a.out
configure:4372: checking for suffix of executables
configure:4379: gcc -o conftest    conftest.c  >&5
configure:4383: $? = 0
configure:4406: result: 
configure:4428: checking whether we are cross compiling
configure:4436: gcc -o conftest    conftest.c  >&5
configure:4440: $? = 0
configure:4447: ./conftest
configure:4451: $? = 0
configure:4466: result: no
configure:4471: checking for suffix of object files
configure:4494: gcc -c   conftest.c >&5
configure:4498: $? = 0
configure:4520: result: o
configure:4524: checking whether the compiler supports GNU C
configure:4544: gcc -c   conftest.c >&5
configure:4544: $? = 0
configure:4554: result: yes
configure:4565: checking whether gcc accepts -g
configure:4586: gcc -c -g  conftest.c >&5
configure:4586: $? = 0
configure:4630: result: yes
configure:4650: checking for gcc option to enable C11 features
configure:4665: gcc  -c -g -O2  conftest.c >&5
configure:4665: $? = 0
configure:4683: result: none needed
configure:4799: checking whether gcc understands -c and -o together
configure:4822: gcc -c conftest.c -o conftest2.o
configure:4825: $? = 0
configure:4822: gcc -c conftest.c -o conftest2.o
configure:4825: $? = 0
configure:4837: result: yes
configure:4856: checking dependency style of gcc
configure:4968: result: gcc3
configure:4988: checking for stdio.h
configure:4988: gcc -c -g -O2  conftest.c >&5
configure:4988: $? = 0
configure:4988: result: yes
configure:4988: checking for stdlib.h
configure:4988: gcc -c -g -O2  conftest.c >&5
configure:4988: $? = 0
configure:4988: result: yes
configure:4988: checking for string.h
configure:4988: gcc -c -g -O2  conftest.c >&5
configure:4988: $? = 0
configure:4988: result: yes
configure:4988: checking for inttypes.h
configure:4988: gcc -c -g -O2  conftest.c >&5
configure:4988: $? = 0
configure:4988: result: yes
configure:4988: checking for stdint.h
configure:4988: gcc -c -g -O2  conftest.c >&5
configure:4988: $? = 0
configure:4988: result: yes
configure:4988: checking for strings.h
configure:4988: gcc -c -g -O2  conftest.c >&5
configure:4988: $? = 0
configure:4988: result: yes
configure:4988: checking for sys/stat.h
configure:4988: gcc -c -g -O2  conftest.c >&5
configure:4988: $? = 0
configure:4988: result: yes
configure:4988: checking for sys/types.h
configure:4988: gcc -c -g -O2  conftest.c >&5
configure:4988: $? = 0
configure:4988: result: yes
configure:4988: checking for unistd.h
configure:4988: gcc -c -g -O2  conftest.c >&5
configure:4988: $? = 0
configure:4988: result: yes
configure:4988: checking for wchar.h
configure:4988: gcc -c -g -O2  conftest.c >&5
configure:4988: $? = 0
configure:4988: result: yes
configure:4988: checking for minix/config.h
configure:4988: gcc -c -g -O2  conftest.c >&5
conftest.c:49:10: fatal error: minix/config.h: No such file or directory
   49 | #include <minix/config.h>
      |          ^~~~~~~~~~~~~~~~
compilation terminated.
configure:4988: $? = 1
configure: failed program was:
| /* confdefs.h */
| #define PACKAGE_NAME "GNU Backgammon"
| #define PACKAGE_TARNAME "gnubg"
| #define PACKAGE_VERSION "1.00.0"
| #define PACKAGE_STRING "GNU Backgammon 1.00.0"
| #define PACKAGE_BUGREPORT "bug-gnubg@gnu.org"
| #define PACKAGE_URL "https://www.gnu.org/software/gnubg/"
| #define PACKAGE "gnubg"
| #define VERSION "1.00.0"
| #define HAVE_STDIO_H 1
| #define HAVE_STDLIB_H 1
| #define HAVE_STRING_H 1
| #define HAVE_INTTYPES_H 1
| #define HAVE_STDINT_H 1
| #define HAVE_STRINGS_H 1
| #define HAVE_SYS_STAT_H 1
| #define HAVE_SYS_TYPES_H 1
| #define HAVE_UNISTD_H 1
| #define HAVE_WCHAR_H 1
| /* end confdefs.h.  */
| #include <stddef.h>
| #ifdef HAVE_STDIO_H
| # include <stdio.h>
| #endif
| #ifdef HAVE_STDLIB_H
| # include <stdlib.h>
| #endif
| #ifdef HAVE_STRING_H
| # include <string.h>
| #endif
| #ifdef HAVE_INTTYPES_H
| # include <inttypes.h>
| #endif
| #ifdef HAVE_STDINT_H
| # include <stdint.h>
| #endif
| #ifdef HAVE_STRINGS_H
| # include <strings.h>
| #endif
| #ifdef HAVE_SYS_TYPES_H
| # include <sys/types.h>
| #endif
| #ifdef HAVE_SYS_STAT_H
| # include <sys/stat.h>
| #endif
| #ifdef HAVE_UNISTD_H
| # include <unistd.h>
| #endif
| #include <minix/config.h>
configure:4988: result: no
configure:5019: checking whether it is safe to define __EXTENSIONS__
configure:5038: gcc -c -g -O2  conftest.c >&5
configure:5038: $? = 0
configure:5046: result: yes
configure:5049: checking whether _XOPEN_SOURCE should be defined
configure:5071: gcc -c -g -O2  conftest.c >&5
configure:5071: $? = 0
configure:5098: result: no
configure:5208: checking for gcc
configure:5240: result: gcc
configure:5593: checking for C compiler version
configure:5602: gcc --version >&5
gcc (Ubuntu 11.4.0-1ubuntu1~22.04) 11.4.0
Copyright (C) 2021 Free Software Foundation, Inc.
This is free software; see the source for copying conditions.  There is NO
warranty; not even for MERCHANTABILITY or FITNESS FOR A PARTICULAR PURPOSE.

configure:5613: $? = 0
configure:5602: gcc -v >&5
Using built-in specs.
COLLECT_GCC=gcc
COLLECT_LTO_WRAPPER=/usr/lib/gcc/x86_64-linux-gnu/11/lto-wrapper
OFFLOAD_TARGET_NAMES=nvptx-none:amdgcn-amdhsa
OFFLOAD_TARGET_DEFAULT=1
Target: x86_64-linux-gnu
Configured with: ../src/configure -v --with-pkgversion='Ubuntu 11.4.0-1ubuntu1~22.04' --with-bugurl=file:///usr/share/doc/gcc-11/README.Bugs --enable-languages=c,ada,c++,go,brig,d,fortran,objc,obj-c++,m2 --prefix=/usr --with-gcc-major-version-only --program-suffix=-11 --program-prefix=x86_64-linux-gnu- --enable-shared --enable-linker-build-id --libexecdir=/usr/lib --without-included-gettext --enable-threads=posix --libdir=/usr/lib --enable-nls --enable-bootstrap --enable-clocale=gnu --enable-libstdcxx-debug --enable-libstdcxx-time=yes --with-default-libstdcxx-abi=new --enable-gnu-unique-object --disable-vtable-verify --enable-plugin --enable-default-pie --with-system-zlib --enable-libphobos-checking=release --with-target-system-zlib=auto --enable-objc-gc=auto --enable-multiarch --disable-werror --enable-cet --with-arch-32=i686 --with-abi=m64 --with-multilib-list=m32,m64,mx32 --enable-multilib --with-tune=generic --enable-offload-targets=nvptx-none=/build/gcc-11-XeT9lY/gcc-11-11.4.0/debian/tmp-nvptx/usr,amdgcn-amdhsa=/build/gcc-11-XeT9lY/gcc-11-11.4.0/debian/tmp-gcn/usr --without-cuda-driver --enable-checking=release --build=x86_64-linux-gnu --host=x86_64-linux-gnu --target=x86_64-linux-gnu --with-build-config=bootstrap-lto-lean --enable-link-serialization=2
Thread model: posix
Supported LTO compression algorithms: zlib zstd
gcc version 11.4.0 (Ubuntu 11.4.0-1ubuntu1~22.04) 
... rest of stderr output deleted ...
configure:5613: $? = 0
configure:5602: gcc -V >&5
gcc: error: unrecognized command-line option '-V'
gcc: fatal error: no input files
compilation terminated.
configure:5613: $? = 1
configure:5602: gcc -qversion >&5
gcc: error: unrecognized command-line option '-qversion'; did you mean '--version'?
gcc: fatal error: no input files
compilation terminated.
configure:5613: $? = 1
configure:5602: gcc -version >&5
gcc: error: unrecognized command-line option '-version'
gcc: fatal error: no input files
compilation terminated.
configure:5613: $? = 1
configure:5617: checking whether the compiler supports GNU C
configure:5647: result: yes
configure:5658: checking whether gcc accepts -g
configure:5723: result: yes
configure:5743: checking for gcc option to enable C11 features
configure:5776: result: none needed
configure:5892: checking whether gcc understands -c and -o together
configure:5930: result: yes
configure:5949: checking dependency style of gcc
configure:6061: result: gcc3
configure:6092: checking for gawk
configure:6124: result: mawk
configure:6135: checking whether ln -s works
configure:6139: result: yes
configure:6150: checking for docbook2x-texi
configure:6185: result: no
configure:6150: checking for db2x_docbook2texi
configure:6185: result: no
configure:6198: checking for docbook2x-man
configure:6233: result: no
configure:6198: checking for db2x_docbook2man
configure:6233: result: no
configure:6246: checking for dblatex
configure:6281: result: no
configure:6294: checking for xsltproc
configure:6329: result: no
configure:6424: checking how to print strings
configure:6451: result: printf
configure:6472: checking for a sed that does not truncate output
configure:6542: result: /usr/bin/sed
configure:6560: checking for grep that handles long lines and -e
configure:6624: result: /usr/bin/grep
configure:6629: checking for egrep
configure:6697: result: /usr/bin/grep -E
configure:6702: checking for fgrep
configure:6770: result: /usr/bin/grep -F
configure:6806: checking for ld used by gcc
configure:6874: result: /usr/bin/ld
configure:6881: checking if the linker (/usr/bin/ld) is GNU ld
configure:6897: result: yes
configure:6909: checking for BSD- or MS-compatible name lister (nm)
configure:6964: result: /usr/bin/nm -B
configure:7104: checking the name lister (/usr/bin/nm -B) interface
configure:7112: gcc -c -g -O2  conftest.c >&5
configure:7115: /usr/bin/nm -B "conftest.o"
configure:7118: output
0000000000000000 B some_variable
configure:7125: result: BSD nm
configure:7129: checking the maximum length of command line arguments
configure:7261: result: 1572864
configure:7309: checking how to convert x86_64-pc-linux-gnu file names to x86_64-pc-linux-gnu format
configure:7350: result: func_convert_file_noop
configure:7357: checking how to convert x86_64-pc-linux-gnu file names to toolchain format
configure:7378: result: func_convert_file_noop
configure:7385: checking for /usr/bin/ld option to reload object files
configure:7393: result: -r
configure:7472: checking for objdump
configure:7493: found /usr/bin/objdump
configure:7504: result: objdump
configure:7536: checking how to recognize dependent libraries
configure:7737: result: pass_all
configure:7827: checking for dlltool
configure:7862: result: no
configure:7892: checking how to associate runtime and link libraries
configure:7920: result: printf %s\n
configure:7985: checking for ar
configure:8006: found /usr/bin/ar
configure:8017: result: ar
configure:8054: checking for archiver @FILE support
configure:8072: gcc -c -g -O2  conftest.c >&5
configure:8072: $? = 0
configure:8076: ar cr libconftest.a @conftest.lst >&5
configure:8079: $? = 0
configure:8084: ar cr libconftest.a @conftest.lst >&5
ar: conftest.o: No such file or directory
configure:8087: $? = 1
configure:8099: result: @
configure:8162: checking for strip
configure:8183: found /usr/bin/strip
configure:8194: result: strip
configure:8271: checking for ranlib
configure:8292: found /usr/bin/ranlib
configure:8303: result: ranlib
configure:8405: checking command to parse /usr/bin/nm -B output from gcc object
configure:8559: gcc -c -g -O2  conftest.c >&5
configure:8562: $? = 0
configure:8566: /usr/bin/nm -B conftest.o | sed -n -e 's/^.*[	 ]\([ABCDGIRSTW][ABCDGIRSTW]*\)[	 ][	 ]*\([_A-Za-z][_A-Za-z0-9]*\)$/\1 \2 \2/p' | sed '/ __gnu_lto/d' > conftest.nm
configure:8632: gcc -o conftest -g -O2   conftest.c conftstm.o >&5
configure:8635: $? = 0
configure:8673: result: ok
configure:8720: checking for sysroot
configure:8751: result: no
configure:8758: checking for a working dd
configure:8802: result: /usr/bin/dd
configure:8806: checking how to truncate binary pipes
configure:8822: result: /usr/bin/dd bs=4096 count=1
configure:8959: gcc -c -g -O2  conftest.c >&5
configure:8962: $? = 0
configure:9159: checking for mt
configure:9194: result: no
configure:9214: checking if : is a manifest tool
configure:9221: : '-?'
configure:9229: result: no
configure:9955: checking for dlfcn.h
configure:9955: gcc -c -g -O2  conftest.c >&5
configure:9955: $? = 0
configure:9955: result: yes
configure:10183: checking for objdir
configure:10199: result: .libs
configure:10463: checking if gcc supports -fno-rtti -fno-exceptions
configure:10482: gcc -c -g -O2  -fno-rtti -fno-exceptions conftest.c >&5
cc1: warning: command-line option '-fno-rtti' is valid for C++/D/ObjC++ but not for C
configure:10486: $? = 0
configure:10499: result: no
configure:10863: checking for gcc option to produce PIC
configure:10871: result: -fPIC -DPIC
configure:10879: checking if gcc PIC flag -fPIC -DPIC works
configure:10898: gcc -c -g -O2  -fPIC -DPIC -DPIC conftest.c >&5
configure:10902: $? = 0
configure:10915: result: yes
configure:10944: checking if gcc static flag -static works
configure:10973: result: yes
configure:10988: checking if gcc supports -c -o file.o
configure:11010: gcc -c -g -O2  -o out/conftest2.o conftest.c >&5
configure:11014: $? = 0
configure:11036: result: yes
configure:11044: checking if gcc supports -c -o file.o
configure:11092: result: yes
configure:11125: checking whether the gcc linker (/usr/bin/ld -m elf_x86_64) supports shared libraries
configure:12395: result: yes
configure:12636: checking dynamic linker characteristics
configure:13218: gcc -o conftest -g -O2   -Wl,-rpath -Wl,/foo conftest.c  >&5
configure:13218: $? = 0
configure:13469: result: GNU/Linux ld.so
configure:13591: checking how to hardcode library paths into programs
configure:13616: result: immediate
configure:14168: checking whether stripping libraries is possible
configure:14173: result: yes
configure:14208: checking if libtool supports shared libraries
configure:14210: result: yes
configure:14213: checking whether to build shared libraries
configure:14238: result: no
configure:14241: checking whether to build static libraries
configure:14245: result: yes
configure:14288: checking for bison
configure:14309: found /usr/bin/bison
configure:14320: result: bison -y
configure:14336: checking for flex
configure:14357: found /usr/bin/flex
configure:14368: result: flex
configure:14417: checking for lex output file root
configure:14430: flex conftest.l
configure:14434: $? = 0
configure:14442: result: lex.yy
configure:14457: checking for lex library
configure:14482: gcc -o conftest -g -O2   conftest.c  >&5
configure:14482: $? = 0
configure:14495: result: none needed
configure:14510: checking for library containing yywrap
configure:14540: gcc -o conftest -g -O2   conftest.c  >&5
/usr/bin/ld: /tmp/ccFnAXFv.o: in function `main':
/home/ubuntu/repos/gnubg/conftest.c:48: undefined reference to `yywrap'
collect2: error: ld returned 1 exit status
configure:14540: $? = 1
configure: failed program was:
| /* confdefs.h */
| #define PACKAGE_NAME "GNU Backgammon"
| #define PACKAGE_TARNAME "gnubg"
| #define PACKAGE_VERSION "1.00.0"
| #define PACKAGE_STRING "GNU Backgammon 1.00.0"
| #define PACKAGE_BUGREPORT "bug-gnubg@gnu.org"
| #define PACKAGE_URL "https://www.gnu.org/software/gnubg/"
| #define PACKAGE "gnubg"
| #define VERSION "1.00.0"
| #define HAVE_STDIO_H 1
| #define HAVE_STDLIB_H 1
| #define HAVE_STRING_H 1
| #define HAVE_INTTYPES_H 1
| #define HAVE_STDINT_H 1
| #define HAVE_STRINGS_H 1
| #define HAVE_SYS_STAT_H 1
| #define HAVE_SYS_TYPES_H 1
| #define HAVE_UNISTD_H 1
| #define HAVE_WCHAR_H 1
| #define STDC_HEADERS 1
| #define _ALL_SOURCE 1
| #define _DARWIN_C_SOURCE 1
| #define _GNU_SOURCE 1
| #define _HPUX_ALT_XOPEN_SOCKET_API 1
| #define _NETBSD_SOURCE 1
| #define _OPENBSD_SOURCE 1
| #define _POSIX_PTHREAD_SEMANTICS 1
| #define __STDC_WANT_IEC_60559_ATTRIBS_EXT__ 1
| #define __STDC_WANT_IEC_60559_BFP_EXT__ 1
| #define __STDC_WANT_IEC_60559_DFP_EXT__ 1
| #define __STDC_WANT_IEC_60559_FUNCS_EXT__ 1
| #define __STDC_WANT_IEC_60559_TYPES_EXT__ 1
| #define __STDC_WANT_LIB_EXT2__ 1
| #define __STDC_WANT_MATH_SPEC_FUNCS__ 1
| #define _TANDEM_SOURCE 1
| #define __EXTENSIONS__ 1
| #define HAVE_DLFCN_H 1
| #define LT_OBJDIR ".libs/"
| /* end confdefs.h.  */
| 
| /* Override any GCC internal prototype to avoid an error.
|    Use char because int might match the return type of a GCC
|    builtin and then its argument prototype would still apply.  */
| char yywrap ();
| int
| main (void)
| {
| return yywrap ();
|   ;
|   return 0;
| }
configure:14540: gcc -o conftest -g -O2   conftest.c -lfl   >&5
/usr/bin/ld: /usr/lib/gcc/x86_64-linux-gnu/11/../../../x86_64-linux-gnu/libfl.so: undefined reference to `yylex'
collect2: error: ld returned 1 exit status
configure:14540: $? = 1
configure: failed program was:
| /* confdefs.h */
| #define PACKAGE_NAME "GNU Backgammon"
| #define PACKAGE_TARNAME "gnubg"
| #define PACKAGE_VERSION "1.00.0"
| #define PACKAGE_STRING "GNU Backgammon 1.00.0"
| #define PACKAGE_BUGREPORT "bug-gnubg@gnu.org"
| #define PACKAGE_URL "https://www.gnu.org/software/gnubg/"
| #define PACKAGE "gnubg"
| #define VERSION "1.00.0"
| #define HAVE_STDIO_H 1
| #define HAVE_STDLIB_H 1
| #define HAVE_STRING_H 1
| #define HAVE_INTTYPES_H 1
| #define HAVE_STDINT_H 1
| #define HAVE_STRINGS_H 1
| #define HAVE_SYS_STAT_H 1
| #define HAVE_SYS_TYPES_H 1
| #define HAVE_UNISTD_H 1
| #define HAVE_WCHAR_H 1
| #define STDC_HEADERS 1
| #define _ALL_SOURCE 1
| #define _DARWIN_C_SOURCE 1
| #define _GNU_SOURCE 1
| #define _HPUX_ALT_XOPEN_SOCKET_API 1
| #define _NETBSD_SOURCE 1
| #define _OPENBSD_SOURCE 1
| #define _POSIX_PTHREAD_SEMANTICS 1
| #define __STDC_WANT_IEC_60559_ATTRIBS_EXT__ 1
| #define __STDC_WANT_IEC_60559_BFP_EXT__ 1
| #define __STDC_WANT_IEC_60559_DFP_EXT__ 1
| #define __STDC_WANT_IEC_60559_FUNCS_EXT__ 1
| #define __STDC_WANT_IEC_60559_TYPES_EXT__ 1
| #define __STDC_WANT_LIB_EXT2__ 1
| #define __STDC_WANT_MATH_SPEC_FUNCS__ 1
| #define _TANDEM_SOURCE 1
| #define __EXTENSIONS__ 1
| #define HAVE_DLFCN_H 1
| #define LT_OBJDIR ".libs/"
| /* end confdefs.h.  */
| 
| /* Override any GCC internal prototype to avoid an error.
|    Use char because int might match the return type of a GCC
|    builtin and then its argument prototype would still apply.  */
| char yywrap ();
| int
| main (void)
| {
| return yywrap ();
|   ;
|   return 0;
| }
configure:14540: gcc -o conftest -g -O2   conftest.c -ll   >&5
configure:14540: $? = 0
configure:14560: result: -ll
configure:14576: checking whether yytext is a pointer
configure:14592: gcc -c -g -O2  conftest.c >&5
configure:14592: $? = 0
configure:14599: result: yes
configure:14678: checking for pkg-config
configure:14701: found /usr/bin/pkg-config
configure:14713: result: /usr/bin/pkg-config
configure:14738: checking pkg-config is at least version 0.9.0
configure:14741: result: yes
configure:14751: checking for glib-2.0 >= 2.6.0
configure:14758: $PKG_CONFIG --exists --print-errors "glib-2.0 >= 2.6.0"
configure:14761: $? = 0
configure:14775: $PKG_CONFIG --exists --print-errors "glib-2.0 >= 2.6.0"
configure:14778: $? = 0
configure:14816: result: yes
configure:14822: checking for gthread-2.0
configure:14829: $PKG_CONFIG --exists --print-errors "gthread-2.0"
configure:14832: $? = 0
configure:14846: $PKG_CONFIG --exists --print-errors "gthread-2.0"
configure:14849: $? = 0
configure:14889: result: yes
configure:14895: checking for freetype2
configure:14902: $PKG_CONFIG --exists --print-errors "freetype2"
configure:14905: $? = 0
configure:14919: $PKG_CONFIG --exists --print-errors "freetype2"
configure:14922: $? = 0
configure:14962: result: yes
configure:14968: checking for libpng >= 1.2
configure:14975: $PKG_CONFIG --exists --print-errors "libpng >= 1.2"
configure:14978: $? = 0
configure:14992: $PKG_CONFIG --exists --print-errors "libpng >= 1.2"
configure:14995: $? = 0
configure:15035: result: yes
configure:15041: checking for cairo >= 1.2
configure:15048: $PKG_CONFIG --exists --print-errors "cairo >= 1.2"
configure:15051: $? = 0
configure:15065: $PKG_CONFIG --exists --print-errors "cairo >= 1.2"
configure:15068: $? = 0
configure:15108: result: yes
configure:15114: checking for pangocairo >= 1.0
configure:15121: $PKG_CONFIG --exists --print-errors "pangocairo >= 1.0"
configure:15124: $? = 0
configure:15138: $PKG_CONFIG --exists --print-errors "pangocairo >= 1.0"
configure:15141: $? = 0
configure:15181: result: yes
configure:15187: checking for sqlite3
configure:15194: $PKG_CONFIG --exists --print-errors "sqlite3"
configure:15197: $? = 0
configure:15211: $PKG_CONFIG --exists --print-errors "sqlite3"
configure:15214: $? = 0
configure:15254: result: yes
configure:15262: checking for libcanberra-gtk
configure:15269: $PKG_CONFIG --exists --print-errors "libcanberra-gtk"
Package libcanberra-gtk was not found in the pkg-config search path.
Perhaps you should add the directory containing `libcanberra-gtk.pc'
to the PKG_CONFIG_PATH environment variable
No package 'libcanberra-gtk' found
configure:15272: $? = 1
configure:15286: $PKG_CONFIG --exists --print-errors "libcanberra-gtk"
Package libcanberra-gtk was not found in the pkg-config search path.
Perhaps you should add the directory containing `libcanberra-gtk.pc'
to the PKG_CONFIG_PATH environment variable
No package 'libcanberra-gtk' found
configure:15289: $? = 1
configure:15303: result: no
No package 'libcanberra-gtk' found
configure:15319: WARNING: no libcanberra-gtk support
configure:15339: checking for gtk+-2.0 >= 2.6.0
configure:15346: $PKG_CONFIG --exists --print-errors "gtk+-2.0 >= 2.6.0"
configure:15349: $? = 0
configure:15363: $PKG_CONFIG --exists --print-errors "gtk+-2.0 >= 2.6.0"
configure:15366: $? = 0
configure:15406: result: yes
configure:15412: checking for gtkglext-1.0 >= 1.0
configure:15419: $PKG_CONFIG --exists --print-errors "gtkglext-1.0 >= 1.0"
Package gtkglext-1.0 was not found in the pkg-config search path.
Perhaps you should add the directory containing `gtkglext-1.0.pc'
to the PKG_CONFIG_PATH environment variable
No package 'gtkglext-1.0' found
configure:15422: $? = 1
configure:15436: $PKG_CONFIG --exists --print-errors "gtkglext-1.0 >= 1.0"
Package gtkglext-1.0 was not found in the pkg-config search path.
Perhaps you should add the directory containing `gtkglext-1.0.pc'
to the PKG_CONFIG_PATH environment variable
No package 'gtkglext-1.0' found
configure:15439: $? = 1
configure:15453: result: no
No package 'gtkglext-1.0' found
configure:15469: WARNING: no gtkglext support
configure:15617: checking for lsb_release
configure:15638: found /usr/bin/lsb_release
configure:15649: result: yes
configure:15708: checking for sqrt in -lm
configure:15731: gcc -o conftest -g -O2   conftest.c -lm   >&5
conftest.c:51:6: warning: conflicting types for built-in function 'sqrt'; expected 'double(double)' [-Wbuiltin-declaration-mismatch]
   51 | char sqrt ();
      |      ^~~~
conftest.c:1:1: note: 'sqrt' is declared in header '<math.h>'
    1 | /* confdefs.h */
configure:15731: $? = 0
configure:15741: result: yes
configure:15751: checking for __gmpz_import in -lgmp
configure:15774: gcc -o conftest -g -O2   conftest.c -lgmp  -lm  >&5
/usr/bin/ld: cannot find -lgmp: No such file or directory
collect2: error: ld returned 1 exit status
configure:15774: $? = 1
configure: failed program was:
| /* confdefs.h */
| #define PACKAGE_NAME "GNU Backgammon"
| #define PACKAGE_TARNAME "gnubg"
| #define PACKAGE_VERSION "1.00.0"
| #define PACKAGE_STRING "GNU Backgammon 1.00.0"
| #define PACKAGE_BUGREPORT "bug-gnubg@gnu.org"
| #define PACKAGE_URL "https://www.gnu.org/software/gnubg/"
| #define PACKAGE "gnubg"
| #define VERSION "1.00.0"
| #define HAVE_STDIO_H 1
| #define HAVE_STDLIB_H 1
| #define HAVE_STRING_H 1
| #define HAVE_INTTYPES_H 1
| #define HAVE_STDINT_H 1
| #define HAVE_STRINGS_H 1
| #define HAVE_SYS_STAT_H 1
| #define HAVE_SYS_TYPES_H 1
| #define HAVE_UNISTD_H 1
| #define HAVE_WCHAR_H 1
| #define STDC_HEADERS 1
| #define _ALL_SOURCE 1
| #define _DARWIN_C_SOURCE 1
| #define _GNU_SOURCE 1
| #define _HPUX_ALT_XOPEN_SOCKET_API 1
| #define _NETBSD_SOURCE 1
| #define _OPENBSD_SOURCE 1
| #define _POSIX_PTHREAD_SEMANTICS 1
| #define __STDC_WANT_IEC_60559_ATTRIBS_EXT__ 1
| #define __STDC_WANT_IEC_60559_BFP_EXT__ 1
| #define __STDC_WANT_IEC_60559_DFP_EXT__ 1
| #define __STDC_WANT_IEC_60559_FUNCS_EXT__ 1
| #define __STDC_WANT_IEC_60559_TYPES_EXT__ 1
| #define __STDC_WANT_LIB_EXT2__ 1
| #define __STDC_WANT_MATH_SPEC_FUNCS__ 1
| #define _TANDEM_SOURCE 1
| #define __EXTENSIONS__ 1
| #define HAVE_DLFCN_H 1
| #define LT_OBJDIR ".libs/"
| #define YYTEXT_POINTER 1
| #define HAVE_FREETYPE 1
| #define HAVE_LIBPNG 1
| #define HAVE_CAIRO 1
| #define HAVE_PANGOCAIRO 1
| #define USE_SQLITE 1
| #define NO_OVERLAYSCROLLBARS 1
| #define HAVE_LIBM 1
| /* end confdefs.h.  */
| 
| /* Override any GCC internal prototype to avoid an error.
|    Use char because int might match the return type of a GCC
|    builtin and then its argument prototype would still apply.  */
| char __gmpz_import ();
| int
| main (void)
| {
| return __gmpz_import ();
|   ;
|   return 0;
| }
configure:15784: result: no
configure:15794: checking for library containing gethostbyname
configure:15824: gcc -o conftest -g -O2   conftest.c -lm  >&5
configure:15824: $? = 0
configure:15844: result: none required
configure:15853: checking for library containing inet_aton
configure:15883: gcc -o conftest -g -O2   conftest.c -lm  >&5
configure:15883: $? = 0
configure:15903: result: none required
configure:15917: checking for library containing connect
configure:15947: gcc -o conftest -g -O2   conftest.c -lm  >&5
configure:15947: $? = 0
configure:15967: result: none required
configure:15982: checking for tparm in -lncurses
configure:16005: gcc -o conftest -g -O2   conftest.c -lncurses  -lm  >&5
configure:16005: $? = 0
configure:16015: result: yes
configure:16065: checking for readline in -lreadline
configure:16088: gcc -o conftest -g -O2   -lncurses conftest.c -lreadline  -lm  >&5
configure:16088: $? = 0
configure:16098: result: yes
configure:16102: checking for readline/readline.h
configure:16102: gcc -c -g -O2  conftest.c >&5
configure:16102: $? = 0
configure:16102: result: yes
configure:16120: checking for sys/resource.h
configure:16120: gcc -c -g -O2  conftest.c >&5
configure:16120: $? = 0
configure:16120: result: yes
configure:16126: checking for sys/socket.h
configure:16126: gcc -c -g -O2  conftest.c >&5
configure:16126: $? = 0
configure:16126: result: yes
configure:16132: checking for sys/time.h
configure:16132: gcc -c -g -O2  conftest.c >&5
configure:16132: $? = 0
configure:16132: result: yes
configure:16138: checking for sys/types.h
configure:16138: result: yes
configure:16144: checking for unistd.h
configure:16144: result: yes
configure:16151: checking for mcheck.h
configure:16151: gcc -c -g -O2  conftest.c >&5
configure:16151: $? = 0
configure:16151: result: yes
configure:16160: checking for inline
configure:16177: gcc -c -g -O2  conftest.c >&5
configure:16177: $? = 0
configure:16186: result: inline
configure:16204: checking for size_t
configure:16204: gcc -c -g -O2  conftest.c >&5
configure:16204: $? = 0
configure:16204: gcc -c -g -O2  conftest.c >&5
conftest.c: In function 'main':
conftest.c:87:21: error: expected expression before ')' token
   87 | if (sizeof ((size_t)))
      |                     ^
configure:16204: $? = 1
configure: failed program was:
| /* confdefs.h */
| #define PACKAGE_NAME "GNU Backgammon"
| #define PACKAGE_TARNAME "gnubg"
| #define PACKAGE_VERSION "1.00.0"
| #define PACKAGE_STRING "GNU Backgammon 1.00.0"
| #define PACKAGE_BUGREPORT "bug-gnubg@gnu.org"
| #define PACKAGE_URL "https://www.gnu.org/software/gnubg/"
| #define PACKAGE "gnubg"
| #define VERSION "1.00.0"
| #define HAVE_STDIO_H 1
| #define HAVE_STDLIB_H 1
| #define HAVE_STRING_H 1
| #define HAVE_INTTYPES_H 1
| #define HAVE_STDINT_H 1
| #define HAVE_STRINGS_H 1
| #define HAVE_SYS_STAT_H 1
| #define HAVE_SYS_TYPES_H 1
| #define HAVE_UNISTD_H 1
| #define HAVE_WCHAR_H 1
| #define STDC_HEADERS 1
| #define _ALL_SOURCE 1
| #define _DARWIN_C_SOURCE 1
| #define _GNU_SOURCE 1
| #define _HPUX_ALT_XOPEN_SOCKET_API 1
| #define _NETBSD_SOURCE 1
| #define _OPENBSD_SOURCE 1
| #define _POSIX_PTHREAD_SEMANTICS 1
| #define __STDC_WANT_IEC_60559_ATTRIBS_EXT__ 1
| #define __STDC_WANT_IEC_60559_BFP_EXT__ 1
| #define __STDC_WANT_IEC_60559_DFP_EXT__ 1
| #define __STDC_WANT_IEC_60559_FUNCS_EXT__ 1
| #define __STDC_WANT_IEC_60559_TYPES_EXT__ 1
| #define __STDC_WANT_LIB_EXT2__ 1
| #define __STDC_WANT_MATH_SPEC_FUNCS__ 1
| #define _TANDEM_SOURCE 1
| #define __EXTENSIONS__ 1
| #define HAVE_DLFCN_H 1
| #define LT_OBJDIR ".libs/"
| #define YYTEXT_POINTER 1
| #define HAVE_FREETYPE 1
| #define HAVE_LIBPNG 1
| #define HAVE_CAIRO 1
| #define HAVE_PANGOCAIRO 1
| #define USE_SQLITE 1
| #define NO_OVERLAYSCROLLBARS 1
| #define HAVE_LIBM 1
| #define HAVE_SOCKETS 1
| #define HAVE_LIBREADLINE 1
| #define HAVE_SYS_RESOURCE_H 1
| #define HAVE_SYS_SOCKET_H 1
| #define HAVE_SYS_TIME_H 1
| #define HAVE_SYS_TYPES_H 1
| #define HAVE_UNISTD_H 1
| #define HAVE_MCHECK_H 1
| /* end confdefs.h.  */
| #include <stddef.h>
| #ifdef HAVE_STDIO_H
| # include <stdio.h>
| #endif
| #ifdef HAVE_STDLIB_H
| # include <stdlib.h>
| #endif
| #ifdef HAVE_STRING_H
| # include <string.h>
| #endif
| #ifdef HAVE_INTTYPES_H
| # include <inttypes.h>
| #endif
| #ifdef HAVE_STDINT_H
| # include <stdint.h>
| #endif
| #ifdef HAVE_STRINGS_H
| # include <strings.h>
| #endif
| #ifdef HAVE_SYS_TYPES_H
| # include <sys/types.h>
| #endif
| #ifdef HAVE_SYS_STAT_H
| # include <sys/stat.h>
| #endif
| #ifdef HAVE_UNISTD_H
| # include <unistd.h>
| #endif
| int
| main (void)
| {
| if (sizeof ((size_t)))
| 	    return 0;
|   ;
|   return 0;
| }
configure:16204: result: yes
configure:16220: checking for sigaction
configure:16220: gcc -o conftest -g -O2   -lreadline -lncurses conftest.c -lm  >&5
configure:16220: $? = 0
configure:16220: result: yes
configure:16230: checking for strptime
configure:16230: gcc -o conftest -g -O2   -lreadline -lncurses conftest.c -lm  >&5
configure:16230: $? = 0
configure:16230: result: yes
configure:16236: checking for random
configure:16236: gcc -o conftest -g -O2   -lreadline -lncurses conftest.c -lm  >&5
configure:16236: $? = 0
configure:16236: result: yes
configure:16242: checking for setpriority
configure:16242: gcc -o conftest -g -O2   -lreadline -lncurses conftest.c -lm  >&5
configure:16242: $? = 0
configure:16242: result: yes
configure:16249: checking for mtrace
configure:16249: gcc -o conftest -g -O2   -lreadline -lncurses conftest.c -lm  >&5
configure:16249: $? = 0
configure:16249: result: yes
configure:16258: checking for gcc options needed to detect all undeclared functions
configure:16280: gcc -c -g -O2   conftest.c >&5
conftest.c: In function 'main':
conftest.c:65:8: error: 'strchr' undeclared (first use in this function)
   65 | (void) strchr;
      |        ^~~~~~
conftest.c:1:1: note: 'strchr' is defined in header '<string.h>'; did you forget to '#include <string.h>'?
    1 | /* confdefs.h */
conftest.c:65:8: note: each undeclared identifier is reported only once for each function it appears in
   65 | (void) strchr;
      |        ^~~~~~
configure:16280: $? = 1
configure: failed program was:
| /* confdefs.h */
| #define PACKAGE_NAME "GNU Backgammon"
| #define PACKAGE_TARNAME "gnubg"
| #define PACKAGE_VERSION "1.00.0"
| #define PACKAGE_STRING "GNU Backgammon 1.00.0"
| #define PACKAGE_BUGREPORT "bug-gnubg@gnu.org"
| #define PACKAGE_URL "https://www.gnu.org/software/gnubg/"
| #define PACKAGE "gnubg"
| #define VERSION "1.00.0"
| #define HAVE_STDIO_H 1
| #define HAVE_STDLIB_H 1
| #define HAVE_STRING_H 1
| #define HAVE_INTTYPES_H 1
| #define HAVE_STDINT_H 1
| #define HAVE_STRINGS_H 1
| #define HAVE_SYS_STAT_H 1
| #define HAVE_SYS_TYPES_H 1
| #define HAVE_UNISTD_H 1
| #define HAVE_WCHAR_H 1
| #define STDC_HEADERS 1
| #define _ALL_SOURCE 1
| #define _DARWIN_C_SOURCE 1
| #define _GNU_SOURCE 1
| #define _HPUX_ALT_XOPEN_SOCKET_API 1
| #define _NETBSD_SOURCE 1
| #define _OPENBSD_SOURCE 1
| #define _POSIX_PTHREAD_SEMANTICS 1
| #define __STDC_WANT_IEC_60559_ATTRIBS_EXT__ 1
| #define __STDC_WANT_IEC_60559_BFP_EXT__ 1
| #define __STDC_WANT_IEC_60559_DFP_EXT__ 1
| #define __STDC_WANT_IEC_60559_FUNCS_EXT__ 1
| #define __STDC_WANT_IEC_60559_TYPES_EXT__ 1
| #define __STDC_WANT_LIB_EXT2__ 1
| #define __STDC_WANT_MATH_SPEC_FUNCS__ 1
| #define _TANDEM_SOURCE 1
| #define __EXTENSIONS__ 1
| #define HAVE_DLFCN_H 1
| #define LT_OBJDIR ".libs/"
| #define YYTEXT_POINTER 1
| #define HAVE_FREETYPE 1
| #define HAVE_LIBPNG 1
| #define HAVE_CAIRO 1
| #define HAVE_PANGOCAIRO 1
| #define USE_SQLITE 1
| #define NO_OVERLAYSCROLLBARS 1
| #define HAVE_LIBM 1
| #define HAVE_SOCKETS 1
| #define HAVE_LIBREADLINE 1
| #define HAVE_SYS_RESOURCE_H 1
| #define HAVE_SYS_SOCKET_H 1
| #define HAVE_SYS_TIME_H 1
| #define HAVE_SYS_TYPES_H 1
| #define HAVE_UNISTD_H 1
| #define HAVE_MCHECK_H 1
| #define HAVE_SIGACTION 1
| #define HAVE_STRPTIME 1
| #define HAVE_RANDOM 1
| #define HAVE_SETPRIORITY 1
| #define HAVE_MTRACE 1
| /* end confdefs.h.  */
| 
| int
| main (void)
| {
| (void) strchr;
|   ;
|   return 0;
| }
configure:16307: gcc -c -g -O2   conftest.c >&5
configure:16307: $? = 0
configure:16324: result: none needed
configure:16338: checking whether signbit is declared
configure:16338: gcc -c -g -O2   conftest.c >&5
configure:16338: $? = 0
configure:16338: result: yes
configure:16350: checking wether deprecated glib functions are enabled
configure:16363: result: 
configure:16366: checking wether deprecated gtk functions are enabled
configure:16379: result: 
configure:16411: checking for GL/glx.h
configure:16411: gcc -c -g -O2  conftest.c >&5
conftest.c:91:10: fatal error: GL/glx.h: No such file or directory
   91 | #include <GL/glx.h>
      |          ^~~~~~~~~~
compilation terminated.
configure:16411: $? = 1
configure: failed program was:
| /* confdefs.h */
| #define PACKAGE_NAME "GNU Backgammon"
| #define PACKAGE_TARNAME "gnubg"
| #define PACKAGE_VERSION "1.00.0"
| #define PACKAGE_STRING "GNU Backgammon 1.00.0"
| #define PACKAGE_BUGREPORT "bug-gnubg@gnu.org"
| #define PACKAGE_URL "https://www.gnu.org/software/gnubg/"
| #define PACKAGE "gnubg"
| #define VERSION "1.00.0"
| #define HAVE_STDIO_H 1
| #define HAVE_STDLIB_H 1
| #define HAVE_STRING_H 1
| #define HAVE_INTTYPES_H 1
| #define HAVE_STDINT_H 1
| #define HAVE_STRINGS_H 1
| #define HAVE_SYS_STAT_H 1
| #define HAVE_SYS_TYPES_H 1
| #define HAVE_UNISTD_H 1
| #define HAVE_WCHAR_H 1
| #define STDC_HEADERS 1
| #define _ALL_SOURCE 1
| #define _DARWIN_C_SOURCE 1
| #define _GNU_SOURCE 1
| #define _HPUX_ALT_XOPEN_SOCKET_API 1
| #define _NETBSD_SOURCE 1
| #define _OPENBSD_SOURCE 1
| #define _POSIX_PTHREAD_SEMANTICS 1
| #define __STDC_WANT_IEC_60559_ATTRIBS_EXT__ 1
| #define __STDC_WANT_IEC_60559_BFP_EXT__ 1
| #define __STDC_WANT_IEC_60559_DFP_EXT__ 1
| #define __STDC_WANT_IEC_60559_FUNCS_EXT__ 1
| #define __STDC_WANT_IEC_60559_TYPES_EXT__ 1
| #define __STDC_WANT_LIB_EXT2__ 1
| #define __STDC_WANT_MATH_SPEC_FUNCS__ 1
| #define _TANDEM_SOURCE 1
| #define __EXTENSIONS__ 1
| #define HAVE_DLFCN_H 1
| #define LT_OBJDIR ".libs/"
| #define YYTEXT_POINTER 1
| #define HAVE_FREETYPE 1
| #define HAVE_LIBPNG 1
| #define HAVE_CAIRO 1
| #define HAVE_PANGOCAIRO 1
| #define USE_SQLITE 1
| #define NO_OVERLAYSCROLLBARS 1
| #define HAVE_LIBM 1
| #define HAVE_SOCKETS 1
| #define HAVE_LIBREADLINE 1
| #define HAVE_SYS_RESOURCE_H 1
| #define HAVE_SYS_SOCKET_H 1
| #define HAVE_SYS_TIME_H 1
| #define HAVE_SYS_TYPES_H 1
| #define HAVE_UNISTD_H 1
| #define HAVE_MCHECK_H 1
| #define HAVE_SIGACTION 1
| #define HAVE_STRPTIME 1
| #define HAVE_RANDOM 1
| #define HAVE_SETPRIORITY 1
| #define HAVE_MTRACE 1
| #define HAVE_DECL_SIGNBIT 1
| #define USE_GTK 1
| /* end confdefs.h.  */
| #include <stddef.h>
| #ifdef HAVE_STDIO_H
| # include <stdio.h>
| #endif
| #ifdef HAVE_STDLIB_H
| # include <stdlib.h>
| #endif
| #ifdef HAVE_STRING_H
| # include <string.h>
| #endif
| #ifdef HAVE_INTTYPES_H
| # include <inttypes.h>
| #endif
| #ifdef HAVE_STDINT_H
| # include <stdint.h>
| #endif
| #ifdef HAVE_STRINGS_H
| # include <strings.h>
| #endif
| #ifdef HAVE_SYS_TYPES_H
| # include <sys/types.h>
| #endif
| #ifdef HAVE_SYS_STAT_H
| # include <sys/stat.h>
| #endif
| #ifdef HAVE_UNISTD_H
| # include <unistd.h>
| #endif
| #include <GL/glx.h>
configure:16411: result: no
configure:16450: checking for gdk-pixbuf-csource
configure:16473: found /usr/bin/gdk-pixbuf-csource
configure:16486: result: /usr/bin/gdk-pixbuf-csource
configure:16522: checking whether /usr/bin/python2.7 version >= 2.2
configure:16531: /usr/bin/python2.7 -c import sys, string # split strings by '.' and convert to numeric. Append some zeros # because we need at least 4 digits for the hex conversion. minver = map(int, string.split('2.2', '.')) + [0, 0, 0] minverhex = 0 for i in xrange(0, 4): minverhex = (minverhex << 8) + minver[i] sys.exit(sys.hexversion < minverhex)
configure:16534: $? = 0
configure:16537: result: yes
configure:16633: checking for /usr/bin/python2.7 version
configure:16641: result: 2.7
configure:16653: checking for /usr/bin/python2.7 platform
configure:16661: result: linux2
configure:16668: checking for /usr/bin/python2.7 script directory
configure:16677: result: ${prefix}/lib/python2.7/site-packages
configure:16686: checking for /usr/bin/python2.7 extension module directory
configure:16695: result: ${exec_prefix}/lib/python2.7/site-packages
configure:16713: checking how to run the C preprocessor
configure:16739: gcc -E  conftest.c
configure:16739: $? = 0
configure:16754: gcc -E  conftest.c
conftest.c:63:10: fatal error: ac_nonexistent.h: No such file or directory
   63 | #include <ac_nonexistent.h>
      |          ^~~~~~~~~~~~~~~~~~
compilation terminated.
configure:16754: $? = 1
configure: failed program was:
| /* confdefs.h */
| #define PACKAGE_NAME "GNU Backgammon"
| #define PACKAGE_TARNAME "gnubg"
| #define PACKAGE_VERSION "1.00.0"
| #define PACKAGE_STRING "GNU Backgammon 1.00.0"
| #define PACKAGE_BUGREPORT "bug-gnubg@gnu.org"
| #define PACKAGE_URL "https://www.gnu.org/software/gnubg/"
| #define PACKAGE "gnubg"
| #define VERSION "1.00.0"
| #define HAVE_STDIO_H 1
| #define HAVE_STDLIB_H 1
| #define HAVE_STRING_H 1
| #define HAVE_INTTYPES_H 1
| #define HAVE_STDINT_H 1
| #define HAVE_STRINGS_H 1
| #define HAVE_SYS_STAT_H 1
| #define HAVE_SYS_TYPES_H 1
| #define HAVE_UNISTD_H 1
| #define HAVE_WCHAR_H 1
| #define STDC_HEADERS 1
| #define _ALL_SOURCE 1
| #define _DARWIN_C_SOURCE 1
| #define _GNU_SOURCE 1
| #define _HPUX_ALT_XOPEN_SOCKET_API 1
| #define _NETBSD_SOURCE 1
| #define _OPENBSD_SOURCE 1
| #define _POSIX_PTHREAD_SEMANTICS 1
| #define __STDC_WANT_IEC_60559_ATTRIBS_EXT__ 1
| #define __STDC_WANT_IEC_60559_BFP_EXT__ 1
| #define __STDC_WANT_IEC_60559_DFP_EXT__ 1
| #define __STDC_WANT_IEC_60559_FUNCS_EXT__ 1
| #define __STDC_WANT_IEC_60559_TYPES_EXT__ 1
| #define __STDC_WANT_LIB_EXT2__ 1
| #define __STDC_WANT_MATH_SPEC_FUNCS__ 1
| #define _TANDEM_SOURCE 1
| #define __EXTENSIONS__ 1
| #define HAVE_DLFCN_H 1
| #define LT_OBJDIR ".libs/"
| #define YYTEXT_POINTER 1
| #define HAVE_FREETYPE 1
| #define HAVE_LIBPNG 1
| #define HAVE_CAIRO 1
| #define HAVE_PANGOCAIRO 1
| #define USE_SQLITE 1
| #define NO_OVERLAYSCROLLBARS 1
| #define HAVE_LIBM 1
| #define HAVE_SOCKETS 1
| #define HAVE_LIBREADLINE 1
| #define HAVE_SYS_RESOURCE_H 1
| #define HAVE_SYS_SOCKET_H 1
| #define HAVE_SYS_TIME_H 1
| #define HAVE_SYS_TYPES_H 1
| #define HAVE_UNISTD_H 1
| #define HAVE_MCHECK_H 1
| #define HAVE_SIGACTION 1
| #define HAVE_STRPTIME 1
| #define HAVE_RANDOM 1
| #define HAVE_SETPRIORITY 1
| #define HAVE_MTRACE 1
| #define HAVE_DECL_SIGNBIT 1
| #define USE_GTK 1
| /* end confdefs.h.  */
| #include <ac_nonexistent.h>
configure:16781: result: gcc -E
configure:16795: gcc -E  conftest.c
configure:16795: $? = 0
configure:16810: gcc -E  conftest.c
conftest.c:63:10: fatal error: ac_nonexistent.h: No such file or directory
   63 | #include <ac_nonexistent.h>
      |          ^~~~~~~~~~~~~~~~~~
compilation terminated.
configure:16810: $? = 1
configure: failed program was:
| /* confdefs.h */
| #define PACKAGE_NAME "GNU Backgammon"
| #define PACKAGE_TARNAME "gnubg"
| #define PACKAGE_VERSION "1.00.0"
| #define PACKAGE_STRING "GNU Backgammon 1.00.0"
| #define PACKAGE_BUGREPORT "bug-gnubg@gnu.org"
| #define PACKAGE_URL "https://www.gnu.org/software/gnubg/"
| #define PACKAGE "gnubg"
| #define VERSION "1.00.0"
| #define HAVE_STDIO_H 1
| #define HAVE_STDLIB_H 1
| #define HAVE_STRING_H 1
| #define HAVE_INTTYPES_H 1
| #define HAVE_STDINT_H 1
| #define HAVE_STRINGS_H 1
| #define HAVE_SYS_STAT_H 1
| #define HAVE_SYS_TYPES_H 1
| #define HAVE_UNISTD_H 1
| #define HAVE_WCHAR_H 1
| #define STDC_HEADERS 1
| #define _ALL_SOURCE 1
| #define _DARWIN_C_SOURCE 1
| #define _GNU_SOURCE 1
| #define _HPUX_ALT_XOPEN_SOCKET_API 1
| #define _NETBSD_SOURCE 1
| #define _OPENBSD_SOURCE 1
| #define _POSIX_PTHREAD_SEMANTICS 1
| #define __STDC_WANT_IEC_60559_ATTRIBS_EXT__ 1
| #define __STDC_WANT_IEC_60559_BFP_EXT__ 1
| #define __STDC_WANT_IEC_60559_DFP_EXT__ 1
| #define __STDC_WANT_IEC_60559_FUNCS_EXT__ 1
| #define __STDC_WANT_IEC_60559_TYPES_EXT__ 1
| #define __STDC_WANT_LIB_EXT2__ 1
| #define __STDC_WANT_MATH_SPEC_FUNCS__ 1
| #define _TANDEM_SOURCE 1
| #define __EXTENSIONS__ 1
| #define HAVE_DLFCN_H 1
| #define LT_OBJDIR ".libs/"
| #define YYTEXT_POINTER 1
| #define HAVE_FREETYPE 1
| #define HAVE_LIBPNG 1
| #define HAVE_CAIRO 1
| #define HAVE_PANGOCAIRO 1
| #define USE_SQLITE 1
| #define NO_OVERLAYSCROLLBARS 1
| #define HAVE_LIBM 1
| #define HAVE_SOCKETS 1
| #define HAVE_LIBREADLINE 1
| #define HAVE_SYS_RESOURCE_H 1
| #define HAVE_SYS_SOCKET_H 1
| #define HAVE_SYS_TIME_H 1
| #define HAVE_SYS_TYPES_H 1
| #define HAVE_UNISTD_H 1
| #define HAVE_MCHECK_H 1
| #define HAVE_SIGACTION 1
| #define HAVE_STRPTIME 1
| #define HAVE_RANDOM 1
| #define HAVE_SETPRIORITY 1
| #define HAVE_MTRACE 1
| #define HAVE_DECL_SIGNBIT 1
| #define USE_GTK 1
| /* end confdefs.h.  */
| #include <ac_nonexistent.h>
configure:16842: checking for headers required to compile python extensions
configure:16861: gcc -E  -I/usr/include/python2.7 -I/usr/include/x86_64-linux-gnu/python2.7 conftest.c
configure:16861: $? = 0
configure:16863: result: found
configure:16891: checking for extended match ids
configure:16909: result: yes
configure:16924: checking for x86 cpuid  output
configure:16955: gcc -o conftest -g -O2   -lreadline -lncurses conftest.c -lm  >&5
conftest.c: In function 'main':
conftest.c:69:15: error: expected expression before ',' token
   69 |      int op = , eax, ebx, ecx, edx;
      |               ^
configure:16955: $? = 1
configure: program exited with status 1
configure: failed program was:
| /* confdefs.h */
| #define PACKAGE_NAME "GNU Backgammon"
| #define PACKAGE_TARNAME "gnubg"
| #define PACKAGE_VERSION "1.00.0"
| #define PACKAGE_STRING "GNU Backgammon 1.00.0"
| #define PACKAGE_BUGREPORT "bug-gnubg@gnu.org"
| #define PACKAGE_URL "https://www.gnu.org/software/gnubg/"
| #define PACKAGE "gnubg"
| #define VERSION "1.00.0"
| #define HAVE_STDIO_H 1
| #define HAVE_STDLIB_H 1
| #define HAVE_STRING_H 1
| #define HAVE_INTTYPES_H 1
| #define HAVE_STDINT_H 1
| #define HAVE_STRINGS_H 1
| #define HAVE_SYS_STAT_H 1
| #define HAVE_SYS_TYPES_H 1
| #define HAVE_UNISTD_H 1
| #define HAVE_WCHAR_H 1
| #define STDC_HEADERS 1
| #define _ALL_SOURCE 1
| #define _DARWIN_C_SOURCE 1
| #define _GNU_SOURCE 1
| #define _HPUX_ALT_XOPEN_SOCKET_API 1
| #define _NETBSD_SOURCE 1
| #define _OPENBSD_SOURCE 1
| #define _POSIX_PTHREAD_SEMANTICS 1
| #define __STDC_WANT_IEC_60559_ATTRIBS_EXT__ 1
| #define __STDC_WANT_IEC_60559_BFP_EXT__ 1
| #define __STDC_WANT_IEC_60559_DFP_EXT__ 1
| #define __STDC_WANT_IEC_60559_FUNCS_EXT__ 1
| #define __STDC_WANT_IEC_60559_TYPES_EXT__ 1
| #define __STDC_WANT_LIB_EXT2__ 1
| #define __STDC_WANT_MATH_SPEC_FUNCS__ 1
| #define _TANDEM_SOURCE 1
| #define __EXTENSIONS__ 1
| #define HAVE_DLFCN_H 1
| #define LT_OBJDIR ".libs/"
| #define YYTEXT_POINTER 1
| #define HAVE_FREETYPE 1
| #define HAVE_LIBPNG 1
| #define HAVE_CAIRO 1
| #define HAVE_PANGOCAIRO 1
| #define USE_SQLITE 1
| #define NO_OVERLAYSCROLLBARS 1
| #define HAVE_LIBM 1
| #define HAVE_SOCKETS 1
| #define HAVE_LIBREADLINE 1
| #define HAVE_SYS_RESOURCE_H 1
| #define HAVE_SYS_SOCKET_H 1
| #define HAVE_SYS_TIME_H 1
| #define HAVE_SYS_TYPES_H 1
| #define HAVE_UNISTD_H 1
| #define HAVE_MCHECK_H 1
| #define HAVE_SIGACTION 1
| #define HAVE_STRPTIME 1
| #define HAVE_RANDOM 1
| #define HAVE_SETPRIORITY 1
| #define HAVE_MTRACE 1
| #define HAVE_DECL_SIGNBIT 1
| #define USE_GTK 1
| #define USE_EXTENDEDMATCHID 1
| /* end confdefs.h.  */
| #include <stdio.h>
| int
| main (void)
| {
| 
|      int op = , eax, ebx, ecx, edx;
|      FILE *f;
|       __asm__("cpuid"
|         : "=a" (eax), "=b" (ebx), "=c" (ecx), "=d" (edx)
|         : "a" (op));
|      f = fopen("conftest_cpuid", "w"); if (!f) return 1;
|      fprintf(f, "%x:%x:%x:%x\n", eax, ebx, ecx, edx);
|      fclose(f);
|      return 0;
| 
|   ;
|   return 0;
| }
configure:16966: result: unknown
configure:16982: checking for x86-AVX xgetbv  output
configure:17014: gcc -o conftest -g -O2   -lreadline -lncurses conftest.c -lm  >&5
conftest.c: In function 'main':
conftest.c:69:15: error: expected expression before ',' token
   69 |      int op = , eax, edx;
      |               ^
configure:17014: $? = 1
configure: program exited with status 1
configure: failed program was:
| /* confdefs.h */
| #define PACKAGE_NAME "GNU Backgammon"
| #define PACKAGE_TARNAME "gnubg"
| #define PACKAGE_VERSION "1.00.0"
| #define PACKAGE_STRING "GNU Backgammon 1.00.0"
| #define PACKAGE_BUGREPORT "bug-gnubg@gnu.org"
| #define PACKAGE_URL "https://www.gnu.org/software/gnubg/"
| #define PACKAGE "gnubg"
| #define VERSION "1.00.0"
| #define HAVE_STDIO_H 1
| #define HAVE_STDLIB_H 1
| #define HAVE_STRING_H 1
| #define HAVE_INTTYPES_H 1
| #define HAVE_STDINT_H 1
| #define HAVE_STRINGS_H 1
| #define HAVE_SYS_STAT_H 1
| #define HAVE_SYS_TYPES_H 1
| #define HAVE_UNISTD_H 1
| #define HAVE_WCHAR_H 1
| #define STDC_HEADERS 1
| #define _ALL_SOURCE 1
| #define _DARWIN_C_SOURCE 1
| #define _GNU_SOURCE 1
| #define _HPUX_ALT_XOPEN_SOCKET_API 1
| #define _NETBSD_SOURCE 1
| #define _OPENBSD_SOURCE 1
| #define _POSIX_PTHREAD_SEMANTICS 1
| #define __STDC_WANT_IEC_60559_ATTRIBS_EXT__ 1
| #define __STDC_WANT_IEC_60559_BFP_EXT__ 1
| #define __STDC_WANT_IEC_60559_DFP_EXT__ 1
| #define __STDC_WANT_IEC_60559_FUNCS_EXT__ 1
| #define __STDC_WANT_IEC_60559_TYPES_EXT__ 1
| #define __STDC_WANT_LIB_EXT2__ 1
| #define __STDC_WANT_MATH_SPEC_FUNCS__ 1
| #define _TANDEM_SOURCE 1
| #define __EXTENSIONS__ 1
| #define HAVE_DLFCN_H 1
| #define LT_OBJDIR ".libs/"
| #define YYTEXT_POINTER 1
| #define HAVE_FREETYPE 1
| #define HAVE_LIBPNG 1
| #define HAVE_CAIRO 1
| #define HAVE_PANGOCAIRO 1
| #define USE_SQLITE 1
| #define NO_OVERLAYSCROLLBARS 1
| #define HAVE_LIBM 1
| #define HAVE_SOCKETS 1
| #define HAVE_LIBREADLINE 1
| #define HAVE_SYS_RESOURCE_H 1
| #define HAVE_SYS_SOCKET_H 1
| #define HAVE_SYS_TIME_H 1
| #define HAVE_SYS_TYPES_H 1
| #define HAVE_UNISTD_H 1
| #define HAVE_MCHECK_H 1
| #define HAVE_SIGACTION 1
| #define HAVE_STRPTIME 1
| #define HAVE_RANDOM 1
| #define HAVE_SETPRIORITY 1
| #define HAVE_MTRACE 1
| #define HAVE_DECL_SIGNBIT 1
| #define USE_GTK 1
| #define USE_EXTENDEDMATCHID 1
| /* end confdefs.h.  */
| #include <stdio.h>
| int
| main (void)
| {
| 
|      int op = , eax, edx;
|      FILE *f;
|       /* Opcodes for xgetbv */
|       __asm__(".byte 0x0f, 0x01, 0xd0"
|         : "=a" (eax), "=d" (edx)
|         : "c" (op));
|      f = fopen("conftest_xgetbv", "w"); if (!f) return 1;
|      fprintf(f, "%x:%x\n", eax, edx);
|      fclose(f);
|      return 0;
| 
|   ;
|   return 0;
| }
configure:17025: result: unknown
configure:17114: checking for x86 cpuid 0x00000001 output
configure:17145: gcc -o conftest -g -O2   -lreadline -lncurses conftest.c -lm  >&5
configure:17145: $? = 0
configure:17145: ./conftest
configure:17145: $? = 0
configure:17156: result: a00f11:1080800:fffa3203:178bfbff
configure:17168: checking whether mmx is supported
configure:17181: result: yes
configure:17184: checking whether sse is supported
configure:17197: result: yes
configure:17200: checking whether sse2 is supported
configure:17213: result: yes
configure:17216: checking whether sse3 is supported
configure:17229: result: yes
configure:17232: checking whether ssse3 is supported
configure:17245: result: yes
configure:17248: checking whether sse4.1 is supported
configure:17261: result: yes
configure:17264: checking whether sse4.2 is supported
configure:17277: result: yes
configure:17280: checking whether avx is supported by processor
configure:17293: result: yes
configure:17304: checking for x86-AVX xgetbv 0x00000000 output
configure:17336: gcc -o conftest -g -O2   -lreadline -lncurses conftest.c -lm  >&5
configure:17336: $? = 0
configure:17336: ./conftest
configure:17336: $? = 0
configure:17347: result: 7:0
configure:17362: checking whether avx is supported by operating system
configure:17378: result: yes
configure:17387: checking whether C compiler accepts -mmmx
configure:17407: gcc -c -g -O2  -mmmx  conftest.c >&5
configure:17407: $? = 0
configure:17416: result: yes
configure:17437: checking whether C compiler accepts -msse
configure:17457: gcc -c -g -O2  -msse  conftest.c >&5
configure:17457: $? = 0
configure:17466: result: yes
configure:17487: checking whether C compiler accepts -msse2
configure:17507: gcc -c -g -O2  -msse2  conftest.c >&5
configure:17507: $? = 0
configure:17516: result: yes
configure:17537: checking whether C compiler accepts -msse3
configure:17557: gcc -c -g -O2  -msse3  conftest.c >&5
configure:17557: $? = 0
configure:17566: result: yes
configure:17587: checking whether C compiler accepts -mssse3
configure:17607: gcc -c -g -O2  -mssse3  conftest.c >&5
configure:17607: $? = 0
configure:17616: result: yes
configure:17637: checking whether C compiler accepts -msse4.1
configure:17657: gcc -c -g -O2  -msse4.1  conftest.c >&5
configure:17657: $? = 0
configure:17666: result: yes
configure:17687: checking whether C compiler accepts -msse4.2
configure:17707: gcc -c -g -O2  -msse4.2  conftest.c >&5
configure:17707: $? = 0
configure:17716: result: yes
configure:17737: checking whether C compiler accepts -mavx
configure:17757: gcc -c -g -O2  -mavx  conftest.c >&5
configure:17757: $? = 0
configure:17766: result: yes
configure:17791: checking for SIMD CPU instructions
configure:17839: result: x86_64-pc-linux-gnu (sse=sse2, SIMD_CFLAGS="-msse -msse2")
configure:17843: checking for SIMD supported CPU test
configure:17871: result: yes
configure:17880: checking for threading
configure:17930: result: glib
configure:17960: checking for locale.h
configure:17960: gcc -c -g -O2  conftest.c >&5
configure:17960: $? = 0
configure:17960: result: yes
configure:17968: checking for LC_MESSAGES
configure:17985: gcc -o conftest -g -O2   -lreadline -lncurses conftest.c -lm  >&5
configure:17985: $? = 0
configure:17994: result: yes
configure:18012: checking for CFPreferencesCopyAppValue
configure:18031: gcc -o conftest -g -O2   -lreadline -lncurses conftest.c -lm  -Wl,-framework -Wl,CoreFoundation >&5
conftest.c:79:10: fatal error: CoreFoundation/CFPreferences.h: No such file or directory
   79 | #include <CoreFoundation/CFPreferences.h>
      |          ^~~~~~~~~~~~~~~~~~~~~~~~~~~~~~~~
compilation terminated.
configure:18031: $? = 1
configure: failed program was:
| /* confdefs.h */
| #define PACKAGE_NAME "GNU Backgammon"
| #define PACKAGE_TARNAME "gnubg"
| #define PACKAGE_VERSION "1.00.0"
| #define PACKAGE_STRING "GNU Backgammon 1.00.0"
| #define PACKAGE_BUGREPORT "bug-gnubg@gnu.org"
| #define PACKAGE_URL "https://www.gnu.org/software/gnubg/"
| #define PACKAGE "gnubg"
| #define VERSION "1.00.0"
| #define HAVE_STDIO_H 1
| #define HAVE_STDLIB_H 1
| #define HAVE_STRING_H 1
| #define HAVE_INTTYPES_H 1
| #define HAVE_STDINT_H 1
| #define HAVE_STRINGS_H 1
| #define HAVE_SYS_STAT_H 1
| #define HAVE_SYS_TYPES_H 1
| #define HAVE_UNISTD_H 1
| #define HAVE_WCHAR_H 1
| #define STDC_HEADERS 1
| #define _ALL_SOURCE 1
| #define _DARWIN_C_SOURCE 1
| #define _GNU_SOURCE 1
| #define _HPUX_ALT_XOPEN_SOCKET_API 1
| #define _NETBSD_SOURCE 1
| #define _OPENBSD_SOURCE 1
| #define _POSIX_PTHREAD_SEMANTICS 1
| #define __STDC_WANT_IEC_60559_ATTRIBS_EXT__ 1
| #define __STDC_WANT_IEC_60559_BFP_EXT__ 1
| #define __STDC_WANT_IEC_60559_DFP_EXT__ 1
| #define __STDC_WANT_IEC_60559_FUNCS_EXT__ 1
| #define __STDC_WANT_IEC_60559_TYPES_EXT__ 1
| #define __STDC_WANT_LIB_EXT2__ 1
| #define __STDC_WANT_MATH_SPEC_FUNCS__ 1
| #define _TANDEM_SOURCE 1
| #define __EXTENSIONS__ 1
| #define HAVE_DLFCN_H 1
| #define LT_OBJDIR ".libs/"
| #define YYTEXT_POINTER 1
| #define HAVE_FREETYPE 1
| #define HAVE_LIBPNG 1
| #define HAVE_CAIRO 1
| #define HAVE_PANGOCAIRO 1
| #define USE_SQLITE 1
| #define NO_OVERLAYSCROLLBARS 1
| #define HAVE_LIBM 1
| #define HAVE_SOCKETS 1
| #define HAVE_LIBREADLINE 1
| #define HAVE_SYS_RESOURCE_H 1
| #define HAVE_SYS_SOCKET_H 1
| #define HAVE_SYS_TIME_H 1
| #define HAVE_SYS_TYPES_H 1
| #define HAVE_UNISTD_H 1
| #define HAVE_MCHECK_H 1
| #define HAVE_SIGACTION 1
| #define HAVE_STRPTIME 1
| #define HAVE_RANDOM 1
| #define HAVE_SETPRIORITY 1
| #define HAVE_MTRACE 1
| #define HAVE_DECL_SIGNBIT 1
| #define USE_GTK 1
| #define USE_EXTENDEDMATCHID 1
| #define HAVE_MMX /**/
| #define HAVE_SSE /**/
| #define HAVE_SSE2 /**/
| #define HAVE_SSE3 /**/
| #define HAVE_SSSE3 /**/
| #define HAVE_SSE4_1 /**/
| #define HAVE_SSE4_2 /**/
| #define HAVE_AVX /**/
| #define USE_SIMD_INSTRUCTIONS 1
| #define USE_SSE2 1
| #define USE_MULTITHREAD 1
| #define GLIB_THREADS 1
| #define GETTEXT_PACKAGE "gnubg"
| #define HAVE_LOCALE_H 1
| #define HAVE_LC_MESSAGES 1
| /* end confdefs.h.  */
| #include <CoreFoundation/CFPreferences.h>
| int
| main (void)
| {
| CFPreferencesCopyAppValue(NULL, NULL)
|   ;
|   return 0;
| }
configure:18041: result: no
configure:18048: checking for CFLocaleCopyCurrent
configure:18067: gcc -o conftest -g -O2   -lreadline -lncurses conftest.c -lm  -Wl,-framework -Wl,CoreFoundation >&5
conftest.c:79:10: fatal error: CoreFoundation/CFLocale.h: No such file or directory
   79 | #include <CoreFoundation/CFLocale.h>
      |          ^~~~~~~~~~~~~~~~~~~~~~~~~~~
compilation terminated.
configure:18067: $? = 1
configure: failed program was:
| /* confdefs.h */
| #define PACKAGE_NAME "GNU Backgammon"
| #define PACKAGE_TARNAME "gnubg"
| #define PACKAGE_VERSION "1.00.0"
| #define PACKAGE_STRING "GNU Backgammon 1.00.0"
| #define PACKAGE_BUGREPORT "bug-gnubg@gnu.org"
| #define PACKAGE_URL "https://www.gnu.org/software/gnubg/"
| #define PACKAGE "gnubg"
| #define VERSION "1.00.0"
| #define HAVE_STDIO_H 1
| #define HAVE_STDLIB_H 1
| #define HAVE_STRING_H 1
| #define HAVE_INTTYPES_H 1
| #define HAVE_STDINT_H 1
| #define HAVE_STRINGS_H 1
| #define HAVE_SYS_STAT_H 1
| #define HAVE_SYS_TYPES_H 1
| #define HAVE_UNISTD_H 1
| #define HAVE_WCHAR_H 1
| #define STDC_HEADERS 1
| #define _ALL_SOURCE 1
| #define _DARWIN_C_SOURCE 1
| #define _GNU_SOURCE 1
| #define _HPUX_ALT_XOPEN_SOCKET_API 1
| #define _NETBSD_SOURCE 1
| #define _OPENBSD_SOURCE 1
| #define _POSIX_PTHREAD_SEMANTICS 1
| #define __STDC_WANT_IEC_60559_ATTRIBS_EXT__ 1
| #define __STDC_WANT_IEC_60559_BFP_EXT__ 1
| #define __STDC_WANT_IEC_60559_DFP_EXT__ 1
| #define __STDC_WANT_IEC_60559_FUNCS_EXT__ 1
| #define __STDC_WANT_IEC_60559_TYPES_EXT__ 1
| #define __STDC_WANT_LIB_EXT2__ 1
| #define __STDC_WANT_MATH_SPEC_FUNCS__ 1
| #define _TANDEM_SOURCE 1
| #define __EXTENSIONS__ 1
| #define HAVE_DLFCN_H 1
| #define LT_OBJDIR ".libs/"
| #define YYTEXT_POINTER 1
| #define HAVE_FREETYPE 1
| #define HAVE_LIBPNG 1
| #define HAVE_CAIRO 1
| #define HAVE_PANGOCAIRO 1
| #define USE_SQLITE 1
| #define NO_OVERLAYSCROLLBARS 1
| #define HAVE_LIBM 1
| #define HAVE_SOCKETS 1
| #define HAVE_LIBREADLINE 1
| #define HAVE_SYS_RESOURCE_H 1
| #define HAVE_SYS_SOCKET_H 1
| #define HAVE_SYS_TIME_H 1
| #define HAVE_SYS_TYPES_H 1
| #define HAVE_UNISTD_H 1
| #define HAVE_MCHECK_H 1
| #define HAVE_SIGACTION 1
| #define HAVE_STRPTIME 1
| #define HAVE_RANDOM 1
| #define HAVE_SETPRIORITY 1
| #define HAVE_MTRACE 1
| #define HAVE_DECL_SIGNBIT 1
| #define USE_GTK 1
| #define USE_EXTENDEDMATCHID 1
| #define HAVE_MMX /**/
| #define HAVE_SSE /**/
| #define HAVE_SSE2 /**/
| #define HAVE_SSE3 /**/
| #define HAVE_SSSE3 /**/
| #define HAVE_SSE4_1 /**/
| #define HAVE_SSE4_2 /**/
| #define HAVE_AVX /**/
| #define USE_SIMD_INSTRUCTIONS 1
| #define USE_SSE2 1
| #define USE_MULTITHREAD 1
| #define GLIB_THREADS 1
| #define GETTEXT_PACKAGE "gnubg"
| #define HAVE_LOCALE_H 1
| #define HAVE_LC_MESSAGES 1
| /* end confdefs.h.  */
| #include <CoreFoundation/CFLocale.h>
| int
| main (void)
| {
| CFLocaleCopyCurrent();
|   ;
|   return 0;
| }
configure:18077: result: no
configure:18091: checking for libintl.h
configure:18091: gcc -c -g -O2  conftest.c >&5
configure:18091: $? = 0
configure:18091: result: yes
configure:18100: checking for ngettext in libc
configure:18119: gcc -o conftest -g -O2   -lreadline -lncurses conftest.c -lm  >&5
configure:18119: $? = 0
configure:18129: result: yes
configure:18133: checking for dgettext in libc
configure:18152: gcc -o conftest -g -O2   -lreadline -lncurses conftest.c -lm  >&5
configure:18152: $? = 0
configure:18162: result: yes
configure:18167: checking for bind_textdomain_codeset
configure:18167: gcc -o conftest -g -O2   -lreadline -lncurses conftest.c -lm  >&5
configure:18167: $? = 0
configure:18167: result: yes
configure:18437: checking for msgfmt
configure:18465: result: /usr/bin/msgfmt
configure:18474: checking for dcgettext
configure:18474: gcc -o conftest -g -O2   -lreadline -lncurses conftest.c -lm   >&5
conftest.c:97:6: warning: conflicting types for built-in function 'dcgettext'; expected 'char *(const char *, const char *, int)' [-Wbuiltin-declaration-mismatch]
   97 | char dcgettext ();
      |      ^~~~~~~~~
configure:18474: $? = 0
configure:18474: result: yes
configure:18482: checking if msgfmt accepts -c
configure:18497: $MSGFMT -c -o /dev/null conftest.foo
conftest.foo:3: warning: header field 'Language' missing in header
configure:18500: $? = 0
configure:18502: result: yes
configure:18512: checking for gmsgfmt
configure:18548: result: /usr/bin/msgfmt
configure:18558: checking for xgettext
configure:18586: result: /usr/bin/xgettext
configure:18605: gcc -o conftest -g -O2   -lreadline -lncurses conftest.c -lm   >&5
configure:18605: $? = 0
configure:18688: checking for catalogs to be installed
configure:18713: result:  da de es en_US ja it fr is tr cs ro ru
configure:18852: checking that generated files are newer than configure
configure:18858: result: done
configure:18917: creating ./config.status

## ---------------------- ##
## Running config.status. ##
## ---------------------- ##

This file was extended by GNU Backgammon config.status 1.00.0, which was
generated by GNU Autoconf 2.71.  Invocation command line was

  CONFIG_FILES    = 
  CONFIG_HEADERS  = 
  CONFIG_LINKS    = 
  CONFIG_COMMANDS = 
  $ ./config.status 

on devin-box

config.status:1249: creating Makefile
config.status:1249: creating doc/Makefile
config.status:1249: creating lib/Makefile
config.status:1249: creating met/Makefile
config.status:1249: creating po/Makefile.in
config.status:1249: creating po/Makefile
config.status:1249: creating m4/Makefile
config.status:1249: creating sounds/Makefile
config.status:1249: creating board3d/Makefile
config.status:1249: creating textures/Makefile
config.status:1249: creating scripts/Makefile
config.status:1249: creating flags/Makefile
config.status:1249: creating fonts/Makefile
config.status:1249: creating non-src/Makefile
config.status:1249: creating pixmaps/Makefile
config.status:1249: creating win32/Makefile
config.status:1249: creating config.h
config.status:1478: executing depfiles commands
config.status:1555: cd .       && sed -e '/# am--include-marker/d' Makefile         | make -f - am--depfiles
config.status:1560: $? = 0
config.status:1555: cd lib       && sed -e '/# am--include-marker/d' Makefile         | make -f - am--depfiles
config.status:1560: $? = 0
config.status:1555: cd board3d       && sed -e '/# am--include-marker/d' Makefile         | make -f - am--depfiles
config.status:1560: $? = 0
config.status:1478: executing libtool commands
config.status:1478: executing default-1 commands

## ---------------- ##
## Cache variables. ##
## ---------------- ##

ac_cv_build=x86_64-pc-linux-gnu
ac_cv_c_compiler_gnu=yes
ac_cv_c_inline=inline
ac_cv_c_undeclared_builtin_options='none needed'
ac_cv_env_CAIRO_CFLAGS_set=
ac_cv_env_CAIRO_CFLAGS_value=
ac_cv_env_CAIRO_LIBS_set=
ac_cv_env_CAIRO_LIBS_value=
ac_cv_env_CANBERRA_CFLAGS_set=
ac_cv_env_CANBERRA_CFLAGS_value=
ac_cv_env_CANBERRA_LIBS_set=
ac_cv_env_CANBERRA_LIBS_value=
ac_cv_env_CC_set=
ac_cv_env_CC_value=
ac_cv_env_CFLAGS_set=
ac_cv_env_CFLAGS_value=
ac_cv_env_CPPFLAGS_set=
ac_cv_env_CPPFLAGS_value=
ac_cv_env_CPP_set=
ac_cv_env_CPP_value=
ac_cv_env_DBLATEX_set=
ac_cv_env_DBLATEX_value=
ac_cv_env_DOCBOOK2MAN_set=
ac_cv_env_DOCBOOK2MAN_value=
ac_cv_env_DOCBOOK2TEXI_set=
ac_cv_env_DOCBOOK2TEXI_value=
ac_cv_env_FREETYPE2_CFLAGS_set=
ac_cv_env_FREETYPE2_CFLAGS_value=
ac_cv_env_FREETYPE2_LIBS_set=
ac_cv_env_FREETYPE2_LIBS_value=
ac_cv_env_GLIB_CFLAGS_set=
ac_cv_env_GLIB_CFLAGS_value=
ac_cv_env_GLIB_LIBS_set=
ac_cv_env_GLIB_LIBS_value=
ac_cv_env_GTHREAD_CFLAGS_set=
ac_cv_env_GTHREAD_CFLAGS_value=
ac_cv_env_GTHREAD_LIBS_set=
ac_cv_env_GTHREAD_LIBS_value=
ac_cv_env_GTKGLEXT_CFLAGS_set=
ac_cv_env_GTKGLEXT_CFLAGS_value=
ac_cv_env_GTKGLEXT_LIBS_set=
ac_cv_env_GTKGLEXT_LIBS_value=
ac_cv_env_GTK_CFLAGS_set=
ac_cv_env_GTK_CFLAGS_value=
ac_cv_env_GTK_LIBS_set=
ac_cv_env_GTK_LIBS_value=
ac_cv_env_LDFLAGS_set=
ac_cv_env_LDFLAGS_value=
ac_cv_env_LIBPNG_CFLAGS_set=
ac_cv_env_LIBPNG_CFLAGS_value=
ac_cv_env_LIBPNG_LIBS_set=
ac_cv_env_LIBPNG_LIBS_value=
ac_cv_env_LIBS_set=
ac_cv_env_LIBS_value=
ac_cv_env_LT_SYS_LIBRARY_PATH_set=
ac_cv_env_LT_SYS_LIBRARY_PATH_value=
ac_cv_env_PANGOCAIRO_CFLAGS_set=
ac_cv_env_PANGOCAIRO_CFLAGS_value=
ac_cv_env_PANGOCAIRO_LIBS_set=
ac_cv_env_PANGOCAIRO_LIBS_value=
ac_cv_env_PKG_CONFIG_LIBDIR_set=
ac_cv_env_PKG_CONFIG_LIBDIR_value=
ac_cv_env_PKG_CONFIG_PATH_set=
ac_cv_env_PKG_CONFIG_PATH_value=
ac_cv_env_PKG_CONFIG_set=
ac_cv_env_PKG_CONFIG_value=
ac_cv_env_PYTHON_INCLUDES_set=
ac_cv_env_PYTHON_INCLUDES_value=
ac_cv_env_PYTHON_LIBS_set=
ac_cv_env_PYTHON_LIBS_value=
ac_cv_env_SIMD_CFLAGS_set=
ac_cv_env_SIMD_CFLAGS_value=
ac_cv_env_SQLITE_CFLAGS_set=
ac_cv_env_SQLITE_CFLAGS_value=
ac_cv_env_SQLITE_LIBS_set=
ac_cv_env_SQLITE_LIBS_value=
ac_cv_env_XSLTPROC_set=
ac_cv_env_XSLTPROC_value=
ac_cv_env_YACC_set=
ac_cv_env_YACC_value=
ac_cv_env_YFLAGS_set=
ac_cv_env_YFLAGS_value=
ac_cv_env_build_alias_set=
ac_cv_env_build_alias_value=
ac_cv_env_host_alias_set=
ac_cv_env_host_alias_value=
ac_cv_env_target_alias_set=
ac_cv_env_target_alias_value=
ac_cv_func_bind_textdomain_codeset=yes
ac_cv_func_dcgettext=yes
ac_cv_func_mtrace=yes
ac_cv_func_random=yes
ac_cv_func_setpriority=yes
ac_cv_func_sigaction=yes
ac_cv_func_strptime=yes
ac_cv_have_decl_signbit=yes
ac_cv_header_GL_glx_h=no
ac_cv_header_dlfcn_h=yes
ac_cv_header_inttypes_h=yes
ac_cv_header_libintl_h=yes
ac_cv_header_locale_h=yes
ac_cv_header_mcheck_h=yes
ac_cv_header_minix_config_h=no
ac_cv_header_readline_readline_h=yes
ac_cv_header_stdint_h=yes
ac_cv_header_stdio_h=yes
ac_cv_header_stdlib_h=yes
ac_cv_header_string_h=yes
ac_cv_header_strings_h=yes
ac_cv_header_sys_resource_h=yes
ac_cv_header_sys_socket_h=yes
ac_cv_header_sys_stat_h=yes
ac_cv_header_sys_time_h=yes
ac_cv_header_sys_types_h=yes
ac_cv_header_unistd_h=yes
ac_cv_header_wchar_h=yes
ac_cv_host=x86_64-pc-linux-gnu
ac_cv_lib_gmp___gmpz_import=no
ac_cv_lib_lex='none needed'
ac_cv_lib_m_sqrt=yes
ac_cv_lib_ncurses_tparm=yes
ac_cv_lib_readline_readline=yes
ac_cv_objext=o
ac_cv_path_EGREP='/usr/bin/grep -E'
ac_cv_path_FGREP='/usr/bin/grep -F'
ac_cv_path_GDK_PIXBUF_CSOURCE=/usr/bin/gdk-pixbuf-csource
ac_cv_path_GMSGFMT=/usr/bin/msgfmt
ac_cv_path_GREP=/usr/bin/grep
ac_cv_path_MSGFMT=/usr/bin/msgfmt
ac_cv_path_SED=/usr/bin/sed
ac_cv_path_XGETTEXT=/usr/bin/xgettext
ac_cv_path_ac_pt_PKG_CONFIG=/usr/bin/pkg-config
ac_cv_path_install='/usr/bin/install -c'
ac_cv_path_lt_DD=/usr/bin/dd
ac_cv_path_mkdir=/usr/bin/mkdir
ac_cv_prog_AWK=mawk
ac_cv_prog_CPP='gcc -E'
ac_cv_prog_LEX=flex
ac_cv_prog_LSB_CHECK=yes
ac_cv_prog_YACC='bison -y'
ac_cv_prog_ac_ct_AR=ar
ac_cv_prog_ac_ct_CC=gcc
ac_cv_prog_ac_ct_OBJDUMP=objdump
ac_cv_prog_ac_ct_RANLIB=ranlib
ac_cv_prog_ac_ct_STRIP=strip
ac_cv_prog_cc_c11=
ac_cv_prog_cc_g=yes
ac_cv_prog_cc_stdc=
ac_cv_prog_lex_root=lex.yy
ac_cv_prog_lex_yytext_pointer=yes
ac_cv_prog_make_make_set=yes
ac_cv_safe_to_define___extensions__=yes
ac_cv_search_connect='none required'
ac_cv_search_gethostbyname='none required'
ac_cv_search_inet_aton='none required'
ac_cv_search_yywrap=-ll
ac_cv_should_define__xopen_source=no
ac_cv_type_size_t=yes
am_cv_CC_dependencies_compiler_type=gcc3
am_cv_make_support_nested_variables=yes
am_cv_prog_cc_c_o=yes
am_cv_python_platform=linux2
am_cv_python_pyexecdir='${exec_prefix}/lib/python2.7/site-packages'
am_cv_python_pythondir='${prefix}/lib/python2.7/site-packages'
am_cv_python_version=2.7
am_cv_val_LC_MESSAGES=yes
ax_cv_check_cflags___mavx=yes
ax_cv_check_cflags___mmmx=yes
ax_cv_check_cflags___msse2=yes
ax_cv_check_cflags___msse3=yes
ax_cv_check_cflags___msse4_1=yes
ax_cv_check_cflags___msse4_2=yes
ax_cv_check_cflags___msse=yes
ax_cv_check_cflags___mssse3=yes
ax_cv_gcc_x86_avx_xgetbv_0x00000000=7:0
ax_cv_gcc_x86_avx_xgetbv_=unknown
ax_cv_gcc_x86_cpuid_0x00000001=a00f11:1080800:fffa3203:178bfbff
ax_cv_gcc_x86_cpuid_=unknown
ax_cv_have_avx_cpu_ext=yes
ax_cv_have_avx_ext=yes
ax_cv_have_mmx_ext=yes
ax_cv_have_sse2_ext=yes
ax_cv_have_sse3_ext=yes
ax_cv_have_sse41_ext=yes
ax_cv_have_sse42_ext=yes
ax_cv_have_sse_ext=yes
ax_cv_have_ssse3_ext=yes
ax_cv_support_avx_ext=yes
ax_cv_support_mmx_ext=yes
ax_cv_support_sse2_ext=yes
ax_cv_support_sse3_ext=yes
ax_cv_support_sse41_ext=yes
ax_cv_support_sse42_ext=yes
ax_cv_support_sse_ext=yes
ax_cv_support_ssse3_ext=yes
gt_cv_func_CFLocaleCopyCurrent=no
gt_cv_func_CFPreferencesCopyAppValue=no
gt_cv_func_dgettext_libc=yes
gt_cv_func_dgettext_libintl=no
gt_cv_func_ngettext_libc=yes
gt_cv_have_gettext=yes
lt_cv_ar_at_file=@
lt_cv_deplibs_check_method=pass_all
lt_cv_file_magic_cmd='$MAGIC_CMD'
lt_cv_file_magic_test_file=
lt_cv_ld_reload_flag=-r
lt_cv_nm_interface='BSD nm'
lt_cv_objdir=.libs
lt_cv_path_LD=/usr/bin/ld
lt_cv_path_NM='/usr/bin/nm -B'
lt_cv_path_mainfest_tool=no
lt_cv_prog_compiler_c_o=yes
lt_cv_prog_compiler_pic='-fPIC -DPIC'
lt_cv_prog_compiler_pic_works=yes
lt_cv_prog_compiler_rtti_exceptions=no
lt_cv_prog_compiler_static_works=yes
lt_cv_prog_gnu_ld=yes
lt_cv_sharedlib_from_linklib_cmd='printf %s\n'
lt_cv_shlibpath_overrides_runpath=yes
lt_cv_sys_global_symbol_pipe='sed -n -e '\''s/^.*[	 ]\([ABCDGIRSTW][ABCDGIRSTW]*\)[	 ][	 ]*\([_A-Za-z][_A-Za-z0-9]*\)$/\1 \2 \2/p'\'' | sed '\''/ __gnu_lto/d'\'''
lt_cv_sys_global_symbol_to_c_name_address='sed -n -e '\''s/^: \(.*\) .*$/  {"\1", (void *) 0},/p'\'' -e '\''s/^[ABCDGIRSTW][ABCDGIRSTW]* .* \(.*\)$/  {"\1", (void *) \&\1},/p'\'''
lt_cv_sys_global_symbol_to_c_name_address_lib_prefix='sed -n -e '\''s/^: \(.*\) .*$/  {"\1", (void *) 0},/p'\'' -e '\''s/^[ABCDGIRSTW][ABCDGIRSTW]* .* \(lib.*\)$/  {"\1", (void *) \&\1},/p'\'' -e '\''s/^[ABCDGIRSTW][ABCDGIRSTW]* .* \(.*\)$/  {"lib\1", (void *) \&\1},/p'\'''
lt_cv_sys_global_symbol_to_cdecl='sed -n -e '\''s/^T .* \(.*\)$/extern int \1();/p'\'' -e '\''s/^[ABCDGIRSTW][ABCDGIRSTW]* .* \(.*\)$/extern char \1;/p'\'''
lt_cv_sys_global_symbol_to_import=
lt_cv_sys_max_cmd_len=1572864
lt_cv_to_host_file_cmd=func_convert_file_noop
lt_cv_to_tool_file_cmd=func_convert_file_noop
lt_cv_truncate_bin='/usr/bin/dd bs=4096 count=1'
pkg_cv_CAIRO_CFLAGS='-I/usr/include/cairo -I/usr/include/glib-2.0 -I/usr/lib/x86_64-linux-gnu/glib-2.0/include -I/usr/include/pixman-1 -I/usr/include/uuid -I/usr/include/freetype2 -I/usr/include/libpng16'
pkg_cv_CAIRO_LIBS=-lcairo
pkg_cv_FREETYPE2_CFLAGS='-I/usr/include/freetype2 -I/usr/include/libpng16'
pkg_cv_FREETYPE2_LIBS=-lfreetype
pkg_cv_GLIB_CFLAGS='-I/usr/include/glib-2.0 -I/usr/lib/x86_64-linux-gnu/glib-2.0/include'
pkg_cv_GLIB_LIBS=-lglib-2.0
pkg_cv_GTHREAD_CFLAGS='-pthread -I/usr/include/glib-2.0 -I/usr/lib/x86_64-linux-gnu/glib-2.0/include'
pkg_cv_GTHREAD_LIBS='-lgthread-2.0 -pthread -lglib-2.0'
pkg_cv_GTK_CFLAGS='-pthread -I/usr/include/gtk-2.0 -I/usr/lib/x86_64-linux-gnu/gtk-2.0/include -I/usr/include/pango-1.0 -I/usr/include/atk-1.0 -I/usr/include/gdk-pixbuf-2.0 -I/usr/include/x86_64-linux-gnu -I/usr/include/pango-1.0 -I/usr/include/harfbuzz -I/usr/include/pango-1.0 -I/usr/include/libmount -I/usr/include/blkid -I/usr/include/fribidi -I/usr/include/cairo -I/usr/include/pixman-1 -I/usr/include/harfbuzz -I/usr/include/glib-2.0 -I/usr/lib/x86_64-linux-gnu/glib-2.0/include -I/usr/include/uuid -I/usr/include/freetype2 -I/usr/include/libpng16'
pkg_cv_GTK_LIBS='-lgtk-x11-2.0 -lgdk-x11-2.0 -lpangocairo-1.0 -latk-1.0 -lcairo -lgdk_pixbuf-2.0 -lgio-2.0 -lpangoft2-1.0 -lpango-1.0 -lgobject-2.0 -lglib-2.0 -lharfbuzz -lfontconfig -lfreetype'
pkg_cv_LIBPNG_CFLAGS=-I/usr/include/libpng16
pkg_cv_LIBPNG_LIBS='-lpng16 -lz'
pkg_cv_PANGOCAIRO_CFLAGS='-pthread -I/usr/include/pango-1.0 -I/usr/include/harfbuzz -I/usr/include/pango-1.0 -I/usr/include/libmount -I/usr/include/blkid -I/usr/include/fribidi -I/usr/include/harfbuzz -I/usr/include/cairo -I/usr/include/glib-2.0 -I/usr/lib/x86_64-linux-gnu/glib-2.0/include -I/usr/include/pixman-1 -I/usr/include/uuid -I/usr/include/freetype2 -I/usr/include/libpng16'
pkg_cv_PANGOCAIRO_LIBS='-lpangocairo-1.0 -lpango-1.0 -lgobject-2.0 -lglib-2.0 -lharfbuzz -lcairo'
pkg_cv_SQLITE_CFLAGS=
pkg_cv_SQLITE_LIBS=-lsqlite3

## ----------------- ##
## Output variables. ##
## ----------------- ##

ACLOCAL='${SHELL} '\''/home/ubuntu/repos/gnubg/missing'\'' aclocal-1.16'
AMDEPBACKSLASH='\'
AMDEP_FALSE='#'
AMDEP_TRUE=''
AMTAR='$${TAR-tar}'
AM_BACKSLASH='\'
AM_DEFAULT_V='$(AM_DEFAULT_VERBOSITY)'
AM_DEFAULT_VERBOSITY='1'
AM_V='$(V)'
AM_YFLAGS='-d'
AR='ar'
AUTOCONF='${SHELL} '\''/home/ubuntu/repos/gnubg/missing'\'' autoconf'
AUTOHEADER='${SHELL} '\''/home/ubuntu/repos/gnubg/missing'\'' autoheader'
AUTOMAKE='${SHELL} '\''/home/ubuntu/repos/gnubg/missing'\'' automake-1.16'
AWK='mawk'
CAIRO_CFLAGS='-I/usr/include/cairo -I/usr/include/glib-2.0 -I/usr/lib/x86_64-linux-gnu/glib-2.0/include -I/usr/include/pixman-1 -I/usr/include/uuid -I/usr/include/freetype2 -I/usr/include/libpng16'
CAIRO_LIBS='-lcairo'
CANBERRA_CFLAGS=''
CANBERRA_LIBS=''
CATALOGS=' da.gmo de.gmo es.gmo en_US.gmo ja.gmo it.gmo fr.gmo is.gmo tr.gmo cs.gmo ro.gmo ru.gmo'
CATOBJEXT='.gmo'
CC='gcc'
CCDEPMODE='depmode=gcc3'
CFLAGS='-g -O2'
CPP='gcc -E'
CPPFLAGS=''
CROSS_COMPILING_FALSE=''
CROSS_COMPILING_TRUE='#'
CSCOPE='cscope'
CTAGS='ctags'
CYGPATH_W='echo'
DATADIRNAME='share'
DBLATEX='false'
DEFS='-DHAVE_CONFIG_H'
DEPDIR='.deps'
DLLTOOL='false'
DOCBOOK2MAN='false'
DOCBOOK2TEXI='false'
DSYMUTIL=''
DUMPBIN=''
ECHO_C=''
ECHO_N='-n'
ECHO_T=''
EGREP='/usr/bin/grep -E'
ETAGS='etags'
EXEEXT=''
FGREP='/usr/bin/grep -F'
FOUND_GDK_PIXBUF_CSOURCE_FALSE='#'
FOUND_GDK_PIXBUF_CSOURCE_TRUE=''
FREETYPE2_CFLAGS='-I/usr/include/freetype2 -I/usr/include/libpng16'
FREETYPE2_LIBS='-lfreetype'
GDK_PIXBUF_CSOURCE='/usr/bin/gdk-pixbuf-csource'
GETTEXT_PACKAGE='gnubg'
GLIB_CFLAGS='-I/usr/include/glib-2.0 -I/usr/lib/x86_64-linux-gnu/glib-2.0/include'
GLIB_LIBS='-lglib-2.0'
GMOFILES=' da.gmo de.gmo es.gmo en_US.gmo ja.gmo it.gmo fr.gmo is.gmo tr.gmo cs.gmo ro.gmo ru.gmo'
GMSGFMT='/usr/bin/msgfmt'
GREP='/usr/bin/grep'
GTHREAD_CFLAGS='-pthread -I/usr/include/glib-2.0 -I/usr/lib/x86_64-linux-gnu/glib-2.0/include'
GTHREAD_LIBS='-lgthread-2.0 -pthread -lglib-2.0'
GTKGLEXT_CFLAGS=''
GTKGLEXT_LIBS=''
GTK_CFLAGS='-pthread -I/usr/include/gtk-2.0 -I/usr/lib/x86_64-linux-gnu/gtk-2.0/include -I/usr/include/pango-1.0 -I/usr/include/atk-1.0 -I/usr/include/gdk-pixbuf-2.0 -I/usr/include/x86_64-linux-gnu -I/usr/include/pango-1.0 -I/usr/include/harfbuzz -I/usr/include/pango-1.0 -I/usr/include/libmount -I/usr/include/blkid -I/usr/include/fribidi -I/usr/include/cairo -I/usr/include/pixman-1 -I/usr/include/harfbuzz -I/usr/include/glib-2.0 -I/usr/lib/x86_64-linux-gnu/glib-2.0/include -I/usr/include/uuid -I/usr/include/freetype2 -I/usr/include/libpng16'
GTK_LIBS='-lgtk-x11-2.0 -lgdk-x11-2.0 -lpangocairo-1.0 -latk-1.0 -lcairo -lgdk_pixbuf-2.0 -lgio-2.0 -lpangoft2-1.0 -lpango-1.0 -lgobject-2.0 -lglib-2.0 -lharfbuzz -lfontconfig -lfreetype'
INSTALL_DATA='${INSTALL} -m 644'
INSTALL_PROGRAM='${INSTALL}'
INSTALL_SCRIPT='${INSTALL}'
INSTALL_STRIP_PROGRAM='$(install_sh) -c -s'
INSTOBJEXT='.mo'
INTLLIBS=''
INTL_MACOSX_LIBS=''
LD='/usr/bin/ld -m elf_x86_64'
LDFLAGS=' -lreadline -lncurses'
LEX='flex'
LEXLIB='-ll '
LEX_OUTPUT_ROOT='lex.yy'
LIBOBJS=''
LIBPNG_CFLAGS='-I/usr/include/libpng16'
LIBPNG_LIBS='-lpng16 -lz'
LIBS='-lm '
LIBTOOL='$(SHELL) $(top_builddir)/libtool'
LIPO=''
LN_S='ln -s'
LSB_CHECK='yes'
LTLIBOBJS=''
LT_SYS_LIBRARY_PATH=''
MAKEINFO='${SHELL} '\''/home/ubuntu/repos/gnubg/missing'\'' makeinfo'
MANIFEST_TOOL=':'
MKDIR_P='/usr/bin/mkdir -p'
MKINSTALLDIRS='.//mkinstalldirs'
MSGFMT='/usr/bin/msgfmt'
MSGFMT_OPTS='-c'
NM='/usr/bin/nm -B'
NMEDIT=''
OBJDUMP='objdump'
OBJEXT='o'
OTOOL64=''
OTOOL=''
PACKAGE='gnubg'
PACKAGE_BUGREPORT='bug-gnubg@gnu.org'
PACKAGE_NAME='GNU Backgammon'
PACKAGE_STRING='GNU Backgammon 1.00.0'
PACKAGE_TARNAME='gnubg'
PACKAGE_URL='https://www.gnu.org/software/gnubg/'
PACKAGE_VERSION='1.00.0'
PANGOCAIRO_CFLAGS='-pthread -I/usr/include/pango-1.0 -I/usr/include/harfbuzz -I/usr/include/pango-1.0 -I/usr/include/libmount -I/usr/include/blkid -I/usr/include/fribidi -I/usr/include/harfbuzz -I/usr/include/cairo -I/usr/include/glib-2.0 -I/usr/lib/x86_64-linux-gnu/glib-2.0/include -I/usr/include/pixman-1 -I/usr/include/uuid -I/usr/include/freetype2 -I/usr/include/libpng16'
PANGOCAIRO_LIBS='-lpangocairo-1.0 -lpango-1.0 -lgobject-2.0 -lglib-2.0 -lharfbuzz -lcairo'
PATH_SEPARATOR=':'
PKG_CONFIG='/usr/bin/pkg-config'
PKG_CONFIG_LIBDIR=''
PKG_CONFIG_PATH=''
POFILES=' da.po de.po es.po en_US.po ja.po it.po fr.po is.po tr.po cs.po ro.po ru.po'
POSUB='po'
PO_IN_DATADIR_FALSE=''
PO_IN_DATADIR_TRUE=''
PYTHON='/usr/bin/python2.7'
PYTHON_EXEC_PREFIX='${exec_prefix}'
PYTHON_INCLUDES='-I/usr/include/python2.7 -I/usr/include/x86_64-linux-gnu/python2.7'
PYTHON_LIBS='-lpython2.7 -ldl  -lm '
PYTHON_PLATFORM='linux2'
PYTHON_PREFIX='${prefix}'
PYTHON_VERSION='2.7'
RANLIB='ranlib'
SED='/usr/bin/sed'
SET_MAKE=''
SHELL='/bin/bash'
SIMD_CFLAGS='-msse -msse2'
SIMD_FLAGS=' -mmmx -msse -msse2 -msse3 -mssse3 -msse4.1 -msse4.2 -mavx'
SQLITE_CFLAGS=''
SQLITE_LIBS='-lsqlite3'
STRIP='strip'
USE_BOARD3D_FALSE=''
USE_BOARD3D_TRUE='#'
USE_GTK_FALSE='#'
USE_GTK_TRUE=''
USE_MULTITHREAD_FALSE='#'
USE_MULTITHREAD_TRUE=''
USE_NLS='yes'
USE_PYTHON_FALSE=''
USE_PYTHON_TRUE='#'
USE_SQLITE_FALSE='#'
USE_SQLITE_TRUE=''
VERSION='1.00.0'
WIN32_FALSE=''
WIN32_TRUE='#'
WINDRES=''
XGETTEXT='/usr/bin/xgettext'
XSLTPROC='false'
YACC='bison -y'
YFLAGS=''
ac_ct_AR='ar'
ac_ct_CC='gcc'
ac_ct_DUMPBIN=''
am__EXEEXT_FALSE=''
am__EXEEXT_TRUE='#'
am__fastdepCC_FALSE='#'
am__fastdepCC_TRUE=''
am__include='include'
am__isrc=''
am__leading_dot='.'
am__nodep='_no'
am__quote=''
am__tar='$${TAR-tar} chof - "$$tardir"'
am__untar='$${TAR-tar} xf -'
bindir='${exec_prefix}/bin'
build='x86_64-pc-linux-gnu'
build_alias=''
build_cpu='x86_64'
build_os='linux-gnu'
build_vendor='pc'
datadir='${datarootdir}'
datarootdir='${prefix}/share'
docdir='${datarootdir}/doc/${PACKAGE_TARNAME}'
dvidir='${docdir}'
exec_prefix='${prefix}'
host='x86_64-pc-linux-gnu'
host_alias=''
host_cpu='x86_64'
host_os='linux-gnu'
host_vendor='pc'
htmldir='${docdir}'
includedir='${prefix}/include'
infodir='${datarootdir}/info'
install_sh='${SHELL} /home/ubuntu/repos/gnubg/install-sh'
libdir='${exec_prefix}/lib'
libexecdir='${exec_prefix}/libexec'
localedir='${datarootdir}/locale'
localstatedir='${prefix}/var'
mandir='${datarootdir}/man'
mkdir_p='$(MKDIR_P)'
oldincludedir='/usr/include'
pdfdir='${docdir}'
pkgpyexecdir='${pyexecdir}/gnubg'
pkgpythondir='${pythondir}/gnubg'
prefix='/usr/local'
program_transform_name='s,x,x,'
psdir='${docdir}'
pyexecdir='${exec_prefix}/lib/python2.7/site-packages'
pythondir='${prefix}/lib/python2.7/site-packages'
runstatedir='${localstatedir}/run'
sbindir='${exec_prefix}/sbin'
sharedstatedir='${prefix}/com'
sysconfdir='${prefix}/etc'
target_alias=''

## ----------- ##
## confdefs.h. ##
## ----------- ##

/* confdefs.h */
#define PACKAGE_NAME "GNU Backgammon"
#define PACKAGE_TARNAME "gnubg"
#define PACKAGE_VERSION "1.00.0"
#define PACKAGE_STRING "GNU Backgammon 1.00.0"
#define PACKAGE_BUGREPORT "bug-gnubg@gnu.org"
#define PACKAGE_URL "https://www.gnu.org/software/gnubg/"
#define PACKAGE "gnubg"
#define VERSION "1.00.0"
#define HAVE_STDIO_H 1
#define HAVE_STDLIB_H 1
#define HAVE_STRING_H 1
#define HAVE_INTTYPES_H 1
#define HAVE_STDINT_H 1
#define HAVE_STRINGS_H 1
#define HAVE_SYS_STAT_H 1
#define HAVE_SYS_TYPES_H 1
#define HAVE_UNISTD_H 1
#define HAVE_WCHAR_H 1
#define STDC_HEADERS 1
#define _ALL_SOURCE 1
#define _DARWIN_C_SOURCE 1
#define _GNU_SOURCE 1
#define _HPUX_ALT_XOPEN_SOCKET_API 1
#define _NETBSD_SOURCE 1
#define _OPENBSD_SOURCE 1
#define _POSIX_PTHREAD_SEMANTICS 1
#define __STDC_WANT_IEC_60559_ATTRIBS_EXT__ 1
#define __STDC_WANT_IEC_60559_BFP_EXT__ 1
#define __STDC_WANT_IEC_60559_DFP_EXT__ 1
#define __STDC_WANT_IEC_60559_FUNCS_EXT__ 1
#define __STDC_WANT_IEC_60559_TYPES_EXT__ 1
#define __STDC_WANT_LIB_EXT2__ 1
#define __STDC_WANT_MATH_SPEC_FUNCS__ 1
#define _TANDEM_SOURCE 1
#define __EXTENSIONS__ 1
#define HAVE_DLFCN_H 1
#define LT_OBJDIR ".libs/"
#define YYTEXT_POINTER 1
#define HAVE_FREETYPE 1
#define HAVE_LIBPNG 1
#define HAVE_CAIRO 1
#define HAVE_PANGOCAIRO 1
#define USE_SQLITE 1
#define NO_OVERLAYSCROLLBARS 1
#define HAVE_LIBM 1
#define HAVE_SOCKETS 1
#define HAVE_LIBREADLINE 1
#define HAVE_SYS_RESOURCE_H 1
#define HAVE_SYS_SOCKET_H 1
#define HAVE_SYS_TIME_H 1
#define HAVE_SYS_TYPES_H 1
#define HAVE_UNISTD_H 1
#define HAVE_MCHECK_H 1
#define HAVE_SIGACTION 1
#define HAVE_STRPTIME 1
#define HAVE_RANDOM 1
#define HAVE_SETPRIORITY 1
#define HAVE_MTRACE 1
#define HAVE_DECL_SIGNBIT 1
#define USE_GTK 1
#define USE_EXTENDEDMATCHID 1
#define HAVE_MMX /**/
#define HAVE_SSE /**/
#define HAVE_SSE2 /**/
#define HAVE_SSE3 /**/
#define HAVE_SSSE3 /**/
#define HAVE_SSE4_1 /**/
#define HAVE_SSE4_2 /**/
#define HAVE_AVX /**/
#define USE_SIMD_INSTRUCTIONS 1
#define USE_SSE2 1
#define USE_MULTITHREAD 1
#define GLIB_THREADS 1
#define GETTEXT_PACKAGE "gnubg"
#define HAVE_LOCALE_H 1
#define HAVE_LC_MESSAGES 1
#define HAVE_BIND_TEXTDOMAIN_CODESET 1
#define HAVE_GETTEXT 1
#define HAVE_DCGETTEXT 1
#define ENABLE_NLS 1

configure: exit 0
